mode: atomic
github.com/axis-cli/axis/internal/kernel/lifecycle/lifecycle.go:25.50,34.2 4 3
github.com/axis-cli/axis/internal/kernel/lifecycle/lifecycle.go:37.69,41.20 4 3
github.com/axis-cli/axis/internal/kernel/lifecycle/lifecycle.go:41.20,43.3 1 3
github.com/axis-cli/axis/internal/kernel/lifecycle/lifecycle.go:44.2,44.16 1 3
github.com/axis-cli/axis/internal/kernel/lifecycle/lifecycle.go:48.69,50.17 2 4
github.com/axis-cli/axis/internal/kernel/lifecycle/lifecycle.go:50.17,53.3 2 1
github.com/axis-cli/axis/internal/kernel/lifecycle/lifecycle.go:54.2,58.9 4 3
github.com/axis-cli/axis/internal/kernel/lifecycle/lifecycle.go:59.17,60.13 1 2
github.com/axis-cli/axis/internal/kernel/lifecycle/lifecycle.go:61.20,62.19 1 1
github.com/axis-cli/axis/internal/kernel/lifecycle/lifecycle.go:67.50,71.2 3 2
github.com/axis-cli/axis/internal/contract/admission/admission.go:23.86,25.2 1 14
github.com/axis-cli/axis/internal/contract/admission/admission.go:29.72,30.23 1 14
github.com/axis-cli/axis/internal/contract/admission/admission.go:30.23,32.3 1 1
github.com/axis-cli/axis/internal/contract/admission/admission.go:34.2,34.27 1 13
github.com/axis-cli/axis/internal/contract/admission/admission.go:34.27,36.3 1 1
github.com/axis-cli/axis/internal/contract/admission/admission.go:38.2,38.86 1 12
github.com/axis-cli/axis/internal/contract/admission/admission.go:38.86,40.3 1 2
github.com/axis-cli/axis/internal/contract/admission/admission.go:42.2,42.42 1 10
github.com/axis-cli/axis/internal/contract/admission/admission.go:42.42,44.3 1 5
github.com/axis-cli/axis/internal/contract/admission/admission.go:46.2,46.12 1 5
github.com/axis-cli/axis/internal/contract/admission/admission.go:50.47,51.55 1 10
github.com/axis-cli/axis/internal/contract/admission/admission.go:51.55,53.28 2 4
github.com/axis-cli/axis/internal/contract/admission/admission.go:53.28,55.4 1 3
github.com/axis-cli/axis/internal/contract/admission/admission.go:57.2,57.56 1 7
github.com/axis-cli/axis/internal/contract/admission/admission.go:57.56,59.26 2 2
github.com/axis-cli/axis/internal/contract/admission/admission.go:59.26,61.4 1 1
github.com/axis-cli/axis/internal/contract/admission/admission.go:63.2,63.58 1 6
github.com/axis-cli/axis/internal/contract/admission/admission.go:63.58,64.14 1 2
github.com/axis-cli/axis/internal/contract/admission/admission.go:64.14,66.4 1 1
github.com/axis-cli/axis/internal/contract/admission/admission.go:68.2,68.12 1 5
github.com/axis-cli/axis/internal/types/types.go:124.37,125.20 1 2
github.com/axis-cli/axis/internal/types/types.go:125.20,127.3 1 1
github.com/axis-cli/axis/internal/types/types.go:128.2,128.50 1 1
github.com/axis-cli/axis/internal/types/types.go:131.37,133.2 1 2
github.com/axis-cli/axis/internal/types/types.go:135.64,137.2 1 3
github.com/axis-cli/axis/internal/types/types.go:139.86,141.2 1 3
github.com/axis-cli/axis/internal/kernel/sharedlayer/state_store.go:25.46,29.2 1 3
github.com/axis-cli/axis/internal/kernel/sharedlayer/state_store.go:32.77,37.2 4 2
github.com/axis-cli/axis/internal/kernel/sharedlayer/state_store.go:40.73,44.13 4 3
github.com/axis-cli/axis/internal/kernel/sharedlayer/state_store.go:44.13,46.3 1 2
github.com/axis-cli/axis/internal/kernel/sharedlayer/state_store.go:47.2,47.19 1 1
github.com/axis-cli/axis/internal/kernel/sharedlayer/state_store.go:51.56,56.2 4 1
github.com/axis-cli/axis/internal/kernel/orchestrator/orchestrator.go:29.69,30.31 1 1
github.com/axis-cli/axis/internal/kernel/orchestrator/orchestrator.go:30.31,32.3 1 1
github.com/axis-cli/axis/internal/kernel/orchestrator/orchestrator.go:54.64,78.27 10 19
github.com/axis-cli/axis/internal/kernel/orchestrator/orchestrator.go:78.27,80.3 1 1
github.com/axis-cli/axis/internal/kernel/orchestrator/orchestrator.go:82.2,82.13 1 19
github.com/axis-cli/axis/internal/kernel/orchestrator/orchestrator.go:86.57,90.15 3 12
github.com/axis-cli/axis/internal/kernel/orchestrator/orchestrator.go:90.15,92.3 1 1
github.com/axis-cli/axis/internal/kernel/orchestrator/orchestrator.go:95.2,98.12 2 11
github.com/axis-cli/axis/internal/kernel/orchestrator/orchestrator.go:98.12,101.3 2 11
github.com/axis-cli/axis/internal/kernel/orchestrator/orchestrator.go:103.2,103.12 1 11
github.com/axis-cli/axis/internal/kernel/orchestrator/orchestrator.go:107.57,108.6 1 11
github.com/axis-cli/axis/internal/kernel/orchestrator/orchestrator.go:108.6,109.10 1 31
github.com/axis-cli/axis/internal/kernel/orchestrator/orchestrator.go:110.21,111.10 1 1
github.com/axis-cli/axis/internal/kernel/orchestrator/orchestrator.go:112.26,112.26 0 11
github.com/axis-cli/axis/internal/kernel/orchestrator/orchestrator.go:113.11,113.11 0 19
github.com/axis-cli/axis/internal/kernel/orchestrator/orchestrator.go:116.3,117.38 2 30
github.com/axis-cli/axis/internal/kernel/orchestrator/orchestrator.go:117.38,120.4 2 9
github.com/axis-cli/axis/internal/kernel/orchestrator/orchestrator.go:121.3,124.21 3 21
github.com/axis-cli/axis/internal/kernel/orchestrator/orchestrator.go:124.21,125.11 1 2
github.com/axis-cli/axis/internal/kernel/orchestrator/orchestrator.go:126.22,127.11 1 1
github.com/axis-cli/axis/internal/kernel/orchestrator/orchestrator.go:128.46,128.46 0 1
github.com/axis-cli/axis/internal/kernel/orchestrator/orchestrator.go:130.4,130.12 1 1
github.com/axis-cli/axis/internal/kernel/orchestrator/orchestrator.go:133.3,134.17 2 19
github.com/axis-cli/axis/internal/kernel/orchestrator/orchestrator.go:134.17,137.12 3 0
github.com/axis-cli/axis/internal/kernel/orchestrator/orchestrator.go:140.3,140.22 1 19
github.com/axis-cli/axis/internal/kernel/orchestrator/orchestrator.go:140.22,141.11 1 9
github.com/axis-cli/axis/internal/kernel/orchestrator/orchestrator.go:142.27,142.27 0 9
github.com/axis-cli/axis/internal/kernel/orchestrator/orchestrator.go:143.22,144.11 1 0
github.com/axis-cli/axis/internal/kernel/orchestrator/orchestrator.go:145.46,145.46 0 0
github.com/axis-cli/axis/internal/kernel/orchestrator/orchestrator.go:147.4,147.12 1 9
github.com/axis-cli/axis/internal/kernel/orchestrator/orchestrator.go:150.3,150.30 1 10
github.com/axis-cli/axis/internal/kernel/orchestrator/orchestrator.go:150.30,153.32 3 18
github.com/axis-cli/axis/internal/kernel/orchestrator/orchestrator.go:153.32,155.18 2 18
github.com/axis-cli/axis/internal/kernel/orchestrator/orchestrator.go:155.18,155.35 1 18
github.com/axis-cli/axis/internal/kernel/orchestrator/orchestrator.go:156.5,156.26 1 18
github.com/axis-cli/axis/internal/kernel/orchestrator/orchestrator.go:163.80,168.16 3 18
github.com/axis-cli/axis/internal/kernel/orchestrator/orchestrator.go:168.16,171.3 2 0
github.com/axis-cli/axis/internal/kernel/orchestrator/orchestrator.go:172.2,172.90 1 18
github.com/axis-cli/axis/internal/kernel/orchestrator/orchestrator.go:172.90,175.3 2 0
github.com/axis-cli/axis/internal/kernel/orchestrator/orchestrator.go:178.2,178.91 1 18
github.com/axis-cli/axis/internal/kernel/orchestrator/orchestrator.go:178.91,181.3 2 0
github.com/axis-cli/axis/internal/kernel/orchestrator/orchestrator.go:183.2,183.53 1 18
github.com/axis-cli/axis/internal/kernel/orchestrator/orchestrator.go:183.53,185.20 2 22
github.com/axis-cli/axis/internal/kernel/orchestrator/orchestrator.go:185.20,189.4 3 3
github.com/axis-cli/axis/internal/kernel/orchestrator/orchestrator.go:191.3,192.88 2 22
github.com/axis-cli/axis/internal/kernel/orchestrator/orchestrator.go:192.88,193.95 1 15
github.com/axis-cli/axis/internal/kernel/orchestrator/orchestrator.go:193.95,195.5 1 0
github.com/axis-cli/axis/internal/kernel/orchestrator/orchestrator.go:196.4,197.10 2 15
github.com/axis-cli/axis/internal/kernel/orchestrator/orchestrator.go:200.3,200.27 1 7
github.com/axis-cli/axis/internal/kernel/orchestrator/orchestrator.go:200.27,202.12 2 4
github.com/axis-cli/axis/internal/kernel/orchestrator/orchestrator.go:206.3,207.22 2 3
github.com/axis-cli/axis/internal/kernel/orchestrator/orchestrator.go:207.22,209.4 1 0
github.com/axis-cli/axis/internal/kernel/orchestrator/orchestrator.go:209.9,209.56 1 3
github.com/axis-cli/axis/internal/kernel/orchestrator/orchestrator.go:209.56,211.4 1 0
github.com/axis-cli/axis/internal/kernel/orchestrator/orchestrator.go:212.3,212.21 1 3
github.com/axis-cli/axis/internal/kernel/orchestrator/orchestrator.go:212.21,215.4 1 2
github.com/axis-cli/axis/internal/kernel/orchestrator/orchestrator.go:216.3,216.91 1 3
github.com/axis-cli/axis/internal/kernel/orchestrator/orchestrator.go:216.91,218.4 1 0
github.com/axis-cli/axis/internal/kernel/orchestrator/orchestrator.go:219.3,220.9 2 3
github.com/axis-cli/axis/internal/kernel/orchestrator/orchestrator.go:225.75,226.50 1 21
github.com/axis-cli/axis/internal/kernel/orchestrator/orchestrator.go:226.50,227.44 1 4
github.com/axis-cli/axis/internal/kernel/orchestrator/orchestrator.go:227.44,229.4 1 3
github.com/axis-cli/axis/internal/kernel/orchestrator/orchestrator.go:231.2,231.51 1 21
github.com/axis-cli/axis/internal/kernel/orchestrator/orchestrator.go:231.51,232.44 1 7
github.com/axis-cli/axis/internal/kernel/orchestrator/orchestrator.go:232.44,234.4 1 6
github.com/axis-cli/axis/internal/kernel/orchestrator/orchestrator.go:236.2,236.8 1 21
github.com/axis-cli/axis/internal/kernel/orchestrator/orchestrator.go:240.64,241.60 1 24
github.com/axis-cli/axis/internal/kernel/orchestrator/orchestrator.go:241.60,243.3 1 2
github.com/axis-cli/axis/internal/kernel/orchestrator/orchestrator.go:245.2,245.49 1 22
github.com/axis-cli/axis/internal/kernel/orchestrator/orchestrator.go:245.49,247.3 1 1
github.com/axis-cli/axis/internal/kernel/orchestrator/orchestrator.go:250.2,250.9 1 21
github.com/axis-cli/axis/internal/kernel/orchestrator/orchestrator.go:251.37,251.37 0 13
github.com/axis-cli/axis/internal/kernel/orchestrator/orchestrator.go:252.10,252.10 0 8
github.com/axis-cli/axis/internal/kernel/orchestrator/orchestrator.go:256.2,256.12 1 21
github.com/axis-cli/axis/internal/kernel/orchestrator/orchestrator.go:260.79,262.2 1 25
github.com/axis-cli/axis/internal/kernel/orchestrator/orchestrator.go:265.78,267.2 1 14
github.com/axis-cli/axis/internal/kernel/orchestrator/orchestrator.go:270.60,276.9 4 17
github.com/axis-cli/axis/internal/kernel/orchestrator/orchestrator.go:277.37,277.37 0 14
github.com/axis-cli/axis/internal/kernel/orchestrator/orchestrator.go:278.10,278.10 0 3
github.com/axis-cli/axis/internal/kernel/orchestrator/orchestrator.go:282.2,282.41 1 17
github.com/axis-cli/axis/internal/kernel/orchestrator/orchestrator.go:286.41,290.2 3 5
github.com/axis-cli/axis/internal/kernel/orchestrator/orchestrator.go:293.57,295.2 1 0
github.com/axis-cli/axis/internal/kernel/orchestrator/orchestrator.go:298.65,300.2 1 0
github.com/axis-cli/axis/internal/kernel/orchestrator/orchestrator.go:303.80,305.2 1 0
github.com/axis-cli/axis/internal/human/executor/executor.go:26.44,30.2 1 6
github.com/axis-cli/axis/internal/human/executor/executor.go:33.102,38.46 3 7
github.com/axis-cli/axis/internal/human/executor/executor.go:38.46,40.3 1 1
github.com/axis-cli/axis/internal/human/executor/executor.go:43.2,49.20 3 6
github.com/axis-cli/axis/internal/human/executor/executor.go:53.84,58.13 4 4
github.com/axis-cli/axis/internal/human/executor/executor.go:58.13,60.3 1 1
github.com/axis-cli/axis/internal/human/executor/executor.go:61.2,61.25 1 3
github.com/axis-cli/axis/internal/human/executor/executor.go:65.96,70.13 4 5
github.com/axis-cli/axis/internal/human/executor/executor.go:70.13,72.3 1 1
github.com/axis-cli/axis/internal/human/executor/executor.go:74.2,74.44 1 4
github.com/axis-cli/axis/internal/human/executor/executor.go:74.44,76.3 1 1
github.com/axis-cli/axis/internal/human/executor/executor.go:78.2,78.16 1 3
github.com/axis-cli/axis/internal/human/executor/executor.go:78.16,81.3 2 1
github.com/axis-cli/axis/internal/human/executor/executor.go:81.8,84.3 2 2
github.com/axis-cli/axis/internal/human/executor/executor.go:86.2,87.12 2 3
github.com/axis-cli/axis/internal/kernel/scheduler/scheduler.go:38.97,45.2 1 22
github.com/axis-cli/axis/internal/kernel/scheduler/scheduler.go:48.61,52.30 3 32
github.com/axis-cli/axis/internal/kernel/scheduler/scheduler.go:52.30,54.3 1 1
github.com/axis-cli/axis/internal/kernel/scheduler/scheduler.go:57.2,57.108 1 31
github.com/axis-cli/axis/internal/kernel/scheduler/scheduler.go:57.108,59.3 1 1
github.com/axis-cli/axis/internal/kernel/scheduler/scheduler.go:62.2,62.49 1 30
github.com/axis-cli/axis/internal/kernel/scheduler/scheduler.go:62.49,64.3 1 1
github.com/axis-cli/axis/internal/kernel/scheduler/scheduler.go:67.2,79.62 6 29
github.com/axis-cli/axis/internal/kernel/scheduler/scheduler.go:79.62,81.3 1 0
github.com/axis-cli/axis/internal/kernel/scheduler/scheduler.go:83.2,83.12 1 29
github.com/axis-cli/axis/internal/kernel/scheduler/scheduler.go:87.121,91.35 2 39
github.com/axis-cli/axis/internal/kernel/scheduler/scheduler.go:91.35,92.19 1 11
github.com/axis-cli/axis/internal/kernel/scheduler/scheduler.go:92.19,94.4 1 1
github.com/axis-cli/axis/internal/kernel/scheduler/scheduler.go:95.3,95.45 1 10
github.com/axis-cli/axis/internal/kernel/scheduler/scheduler.go:95.45,96.88 1 8
github.com/axis-cli/axis/internal/kernel/scheduler/scheduler.go:96.88,98.5 1 1
github.com/axis-cli/axis/internal/kernel/scheduler/scheduler.go:103.2,104.12 2 37
github.com/axis-cli/axis/internal/kernel/scheduler/scheduler.go:108.53,113.13 4 3
github.com/axis-cli/axis/internal/kernel/scheduler/scheduler.go:113.13,115.3 1 1
github.com/axis-cli/axis/internal/kernel/scheduler/scheduler.go:118.2,118.44 1 2
github.com/axis-cli/axis/internal/kernel/scheduler/scheduler.go:118.44,120.3 1 1
github.com/axis-cli/axis/internal/kernel/scheduler/scheduler.go:123.2,123.28 1 1
github.com/axis-cli/axis/internal/kernel/scheduler/scheduler.go:123.28,124.25 1 1
github.com/axis-cli/axis/internal/kernel/scheduler/scheduler.go:124.25,126.9 2 1
github.com/axis-cli/axis/internal/kernel/scheduler/scheduler.go:131.2,134.52 2 1
github.com/axis-cli/axis/internal/kernel/scheduler/scheduler.go:134.52,136.3 1 0
github.com/axis-cli/axis/internal/kernel/scheduler/scheduler.go:138.2,138.12 1 1
github.com/axis-cli/axis/internal/kernel/scheduler/scheduler.go:142.76,147.13 4 7
github.com/axis-cli/axis/internal/kernel/scheduler/scheduler.go:147.13,149.3 1 1
github.com/axis-cli/axis/internal/kernel/scheduler/scheduler.go:150.2,150.25 1 6
github.com/axis-cli/axis/internal/kernel/scheduler/scheduler.go:154.65,156.16 2 9
github.com/axis-cli/axis/internal/kernel/scheduler/scheduler.go:156.16,158.3 1 1
github.com/axis-cli/axis/internal/kernel/scheduler/scheduler.go:159.2,159.21 1 8
github.com/axis-cli/axis/internal/kernel/scheduler/scheduler.go:159.21,161.3 1 1
github.com/axis-cli/axis/internal/kernel/scheduler/scheduler.go:162.2,162.22 1 7
github.com/axis-cli/axis/internal/kernel/scheduler/scheduler.go:165.78,169.30 3 15
github.com/axis-cli/axis/internal/kernel/scheduler/scheduler.go:169.30,171.3 1 1
github.com/axis-cli/axis/internal/kernel/scheduler/scheduler.go:173.2,174.31 2 14
github.com/axis-cli/axis/internal/kernel/scheduler/scheduler.go:174.31,175.45 1 32
github.com/axis-cli/axis/internal/kernel/scheduler/scheduler.go:175.45,176.53 1 16
github.com/axis-cli/axis/internal/kernel/scheduler/scheduler.go:176.53,185.65 5 14
github.com/axis-cli/axis/internal/kernel/scheduler/scheduler.go:185.65,189.6 3 0
github.com/axis-cli/axis/internal/kernel/scheduler/scheduler.go:191.5,192.46 2 14
github.com/axis-cli/axis/internal/kernel/scheduler/scheduler.go:192.46,193.11 1 8
github.com/axis-cli/axis/internal/kernel/scheduler/scheduler.go:199.2,199.24 1 14
github.com/axis-cli/axis/internal/kernel/scheduler/scheduler.go:203.78,204.37 1 16
github.com/axis-cli/axis/internal/kernel/scheduler/scheduler.go:204.37,206.14 2 5
github.com/axis-cli/axis/internal/kernel/scheduler/scheduler.go:206.14,208.4 1 1
github.com/axis-cli/axis/internal/kernel/scheduler/scheduler.go:209.3,209.44 1 4
github.com/axis-cli/axis/internal/kernel/scheduler/scheduler.go:209.44,210.12 1 1
github.com/axis-cli/axis/internal/kernel/scheduler/scheduler.go:212.3,212.47 1 3
github.com/axis-cli/axis/internal/kernel/scheduler/scheduler.go:212.47,214.4 1 1
github.com/axis-cli/axis/internal/kernel/scheduler/scheduler.go:216.2,216.13 1 14
github.com/axis-cli/axis/internal/kernel/scheduler/scheduler.go:220.58,225.33 4 2
github.com/axis-cli/axis/internal/kernel/scheduler/scheduler.go:225.33,227.33 2 2
github.com/axis-cli/axis/internal/kernel/scheduler/scheduler.go:227.33,230.4 2 0
github.com/axis-cli/axis/internal/kernel/scheduler/scheduler.go:231.3,231.27 1 2
github.com/axis-cli/axis/internal/kernel/scheduler/scheduler.go:231.27,233.36 2 0
github.com/axis-cli/axis/internal/kernel/scheduler/scheduler.go:233.36,235.5 1 0
github.com/axis-cli/axis/internal/kernel/scheduler/scheduler.go:237.3,237.24 1 2
github.com/axis-cli/axis/internal/kernel/scheduler/scheduler.go:237.24,239.33 2 0
github.com/axis-cli/axis/internal/kernel/scheduler/scheduler.go:239.33,241.5 1 0
github.com/axis-cli/axis/internal/kernel/scheduler/scheduler.go:243.3,243.37 1 2
github.com/axis-cli/axis/internal/kernel/scheduler/scheduler.go:245.2,245.15 1 2
github.com/axis-cli/axis/internal/kernel/scheduler/scheduler.go:249.66,254.34 4 1
github.com/axis-cli/axis/internal/kernel/scheduler/scheduler.go:254.34,255.34 1 3
github.com/axis-cli/axis/internal/kernel/scheduler/scheduler.go:255.34,257.4 1 1
github.com/axis-cli/axis/internal/kernel/scheduler/scheduler.go:257.9,261.4 3 2
github.com/axis-cli/axis/internal/kernel/scheduler/scheduler.go:263.2,263.15 1 1
github.com/axis-cli/axis/internal/kernel/scheduler/scheduler.go:267.88,272.13 4 15
github.com/axis-cli/axis/internal/kernel/scheduler/scheduler.go:272.13,274.3 1 1
github.com/axis-cli/axis/internal/kernel/scheduler/scheduler.go:276.2,279.16 3 14
github.com/axis-cli/axis/internal/kernel/scheduler/scheduler.go:280.31,281.24 1 4
github.com/axis-cli/axis/internal/kernel/scheduler/scheduler.go:282.57,283.26 1 10
github.com/axis-cli/axis/internal/kernel/scheduler/scheduler.go:287.2,291.57 2 14
github.com/axis-cli/axis/internal/kernel/scheduler/scheduler.go:291.57,293.3 1 0
github.com/axis-cli/axis/internal/kernel/scheduler/scheduler.go:295.2,295.12 1 14
github.com/axis-cli/axis/internal/contract/executor/executor.go:29.50,33.2 1 24
github.com/axis-cli/axis/internal/contract/executor/executor.go:36.86,41.59 3 22
github.com/axis-cli/axis/internal/contract/executor/executor.go:41.59,43.3 1 1
github.com/axis-cli/axis/internal/contract/executor/executor.go:45.2,46.12 2 21
github.com/axis-cli/axis/internal/contract/executor/executor.go:50.70,54.2 3 3
github.com/axis-cli/axis/internal/contract/executor/executor.go:57.113,58.59 1 5
github.com/axis-cli/axis/internal/contract/executor/executor.go:58.59,62.3 1 2
github.com/axis-cli/axis/internal/contract/executor/executor.go:64.2,68.14 4 3
github.com/axis-cli/axis/internal/contract/executor/executor.go:68.14,71.17 3 2
github.com/axis-cli/axis/internal/contract/executor/executor.go:71.17,75.4 1 0
github.com/axis-cli/axis/internal/contract/executor/executor.go:76.3,76.67 1 2
github.com/axis-cli/axis/internal/contract/executor/executor.go:76.67,80.4 1 1
github.com/axis-cli/axis/internal/contract/executor/executor.go:81.3,83.9 1 1
github.com/axis-cli/axis/internal/contract/executor/executor.go:86.2,88.8 1 1
github.com/axis-cli/axis/internal/contract/executor/executor.go:92.93,97.13 4 33
github.com/axis-cli/axis/internal/contract/executor/executor.go:97.13,99.3 1 2
github.com/axis-cli/axis/internal/contract/executor/executor.go:101.2,101.33 1 31
github.com/axis-cli/axis/internal/contract/executor/executor.go:101.33,103.3 1 1
github.com/axis-cli/axis/internal/contract/executor/executor.go:105.2,105.52 1 30
github.com/axis-cli/axis/internal/contract/executor/executor.go:105.52,107.32 2 56
github.com/axis-cli/axis/internal/contract/executor/executor.go:107.32,109.4 1 2
github.com/axis-cli/axis/internal/contract/executor/executor.go:111.3,111.13 1 54
github.com/axis-cli/axis/internal/contract/executor/executor.go:111.13,112.77 1 36
github.com/axis-cli/axis/internal/contract/executor/executor.go:112.77,114.5 1 8
github.com/axis-cli/axis/internal/contract/executor/executor.go:116.4,116.27 1 28
github.com/axis-cli/axis/internal/contract/executor/executor.go:116.27,117.85 1 11
github.com/axis-cli/axis/internal/contract/executor/executor.go:117.85,119.6 1 6
github.com/axis-cli/axis/internal/contract/executor/executor.go:124.2,124.12 1 14
github.com/axis-cli/axis/internal/contract/executor/executor.go:128.95,133.13 4 8
github.com/axis-cli/axis/internal/contract/executor/executor.go:133.13,135.3 1 1
github.com/axis-cli/axis/internal/contract/executor/executor.go:137.2,137.34 1 7
github.com/axis-cli/axis/internal/contract/executor/executor.go:137.34,139.3 1 1
github.com/axis-cli/axis/internal/contract/executor/executor.go:141.2,141.53 1 6
github.com/axis-cli/axis/internal/contract/executor/executor.go:141.53,143.32 2 6
github.com/axis-cli/axis/internal/contract/executor/executor.go:143.32,145.4 1 3
github.com/axis-cli/axis/internal/contract/executor/executor.go:147.3,147.13 1 3
github.com/axis-cli/axis/internal/contract/executor/executor.go:147.13,148.77 1 3
github.com/axis-cli/axis/internal/contract/executor/executor.go:148.77,150.5 1 1
github.com/axis-cli/axis/internal/contract/executor/executor.go:152.4,152.27 1 2
github.com/axis-cli/axis/internal/contract/executor/executor.go:152.27,153.85 1 0
github.com/axis-cli/axis/internal/contract/executor/executor.go:153.85,155.6 1 0
github.com/axis-cli/axis/internal/contract/executor/executor.go:160.2,160.12 1 2
github.com/axis-cli/axis/internal/contract/executor/executor.go:164.115,165.22 1 39
github.com/axis-cli/axis/internal/contract/executor/executor.go:166.29,167.35 1 14
github.com/axis-cli/axis/internal/contract/executor/executor.go:167.35,169.4 1 4
github.com/axis-cli/axis/internal/contract/executor/executor.go:170.26,171.32 1 11
github.com/axis-cli/axis/internal/contract/executor/executor.go:171.32,172.36 1 6
github.com/axis-cli/axis/internal/contract/executor/executor.go:172.36,175.5 1 5
github.com/axis-cli/axis/internal/contract/executor/executor.go:176.4,176.71 1 1
github.com/axis-cli/axis/internal/contract/executor/executor.go:178.28,179.36 1 3
github.com/axis-cli/axis/internal/contract/executor/executor.go:179.36,180.32 1 1
github.com/axis-cli/axis/internal/contract/executor/executor.go:180.32,183.5 1 0
github.com/axis-cli/axis/internal/contract/executor/executor.go:184.4,184.73 1 1
github.com/axis-cli/axis/internal/contract/executor/executor.go:186.27,187.33 1 4
github.com/axis-cli/axis/internal/contract/executor/executor.go:187.33,189.4 1 1
github.com/axis-cli/axis/internal/contract/executor/executor.go:190.28,191.34 1 4
github.com/axis-cli/axis/internal/contract/executor/executor.go:191.34,193.4 1 1
github.com/axis-cli/axis/internal/contract/executor/executor.go:194.29,195.43 1 3
github.com/axis-cli/axis/internal/contract/executor/executor.go:195.43,197.4 1 1
github.com/axis-cli/axis/internal/contract/executor/executor.go:199.2,199.12 1 25
github.com/axis-cli/axis/internal/contract/executor/executor.go:203.122,204.19 1 11
github.com/axis-cli/axis/internal/contract/executor/executor.go:205.29,207.10 2 2
github.com/axis-cli/axis/internal/contract/executor/executor.go:207.10,209.4 1 0
github.com/axis-cli/axis/internal/contract/executor/executor.go:210.3,210.43 1 2
github.com/axis-cli/axis/internal/contract/executor/executor.go:210.43,212.4 1 1
github.com/axis-cli/axis/internal/contract/executor/executor.go:213.26,215.10 2 8
github.com/axis-cli/axis/internal/contract/executor/executor.go:215.10,217.43 1 5
github.com/axis-cli/axis/internal/contract/executor/executor.go:217.43,219.66 1 5
github.com/axis-cli/axis/internal/contract/executor/executor.go:219.66,221.6 1 1
github.com/axis-cli/axis/internal/contract/executor/executor.go:222.5,224.38 2 4
github.com/axis-cli/axis/internal/contract/executor/executor.go:224.38,226.6 1 1
github.com/axis-cli/axis/internal/contract/executor/executor.go:227.10,229.5 1 0
github.com/axis-cli/axis/internal/contract/executor/executor.go:231.3,231.40 1 6
github.com/axis-cli/axis/internal/contract/executor/executor.go:231.40,233.4 1 2
github.com/axis-cli/axis/internal/contract/executor/executor.go:234.10,235.108 1 1
github.com/axis-cli/axis/internal/contract/executor/executor.go:237.2,237.12 1 5
github.com/axis-cli/axis/internal/contract/executor/executor.go:241.84,242.25 1 2
github.com/axis-cli/axis/internal/contract/executor/executor.go:242.25,243.17 1 4
github.com/axis-cli/axis/internal/contract/executor/executor.go:243.17,245.4 1 1
github.com/axis-cli/axis/internal/contract/executor/executor.go:247.2,247.14 1 1
github.com/axis-cli/axis/internal/contract/executor/executor.go:251.78,252.25 1 6
github.com/axis-cli/axis/internal/contract/executor/executor.go:252.25,253.36 1 14
github.com/axis-cli/axis/internal/contract/executor/executor.go:253.36,255.4 1 4
github.com/axis-cli/axis/internal/contract/executor/executor.go:257.2,257.14 1 2
github.com/axis-cli/axis/internal/model/provider/echo.go:8.48,10.2 1 1
github.com/axis-cli/axis/internal/model/provider/echo.go:12.101,14.30 2 1
github.com/axis-cli/axis/internal/model/provider/echo.go:14.30,16.3 1 1
github.com/axis-cli/axis/internal/model/provider/echo.go:17.2,20.44 4 1
github.com/axis-cli/axis/internal/model/provider/mock.go:8.48,10.2 1 4
github.com/axis-cli/axis/internal/model/provider/mock.go:12.101,14.30 2 3
github.com/axis-cli/axis/internal/model/provider/mock.go:14.30,16.3 1 2
github.com/axis-cli/axis/internal/model/provider/mock.go:17.2,20.44 4 3
github.com/axis-cli/axis/internal/model/provider/registry.go:6.54,7.14 1 3
github.com/axis-cli/axis/internal/model/provider/registry.go:8.14,9.37 1 1
github.com/axis-cli/axis/internal/model/provider/registry.go:10.14,11.37 1 1
github.com/axis-cli/axis/internal/model/provider/registry.go:12.10,13.98 1 1
github.com/axis-cli/axis/cmd/axis/main.go:23.13,58.42 7 0
github.com/axis-cli/axis/cmd/axis/main.go:58.42,61.3 2 0
github.com/axis-cli/axis/cmd/axis/main.go:64.55,67.44 2 3
github.com/axis-cli/axis/cmd/axis/main.go:67.44,69.3 1 0
github.com/axis-cli/axis/cmd/axis/main.go:71.2,72.12 2 3
github.com/axis-cli/axis/cmd/axis/main.go:75.61,80.16 4 2
github.com/axis-cli/axis/cmd/axis/main.go:80.16,82.3 1 1
github.com/axis-cli/axis/cmd/axis/main.go:84.2,85.12 2 1
github.com/axis-cli/axis/cmd/axis/main.go:88.65,98.12 6 0
github.com/axis-cli/axis/cmd/axis/main.go:98.12,101.44 3 0
github.com/axis-cli/axis/cmd/axis/main.go:101.44,103.4 1 0
github.com/axis-cli/axis/cmd/axis/main.go:104.3,104.11 1 0
github.com/axis-cli/axis/cmd/axis/main.go:107.2,107.40 1 0
github.com/axis-cli/axis/cmd/axis/main.go:107.40,109.3 1 0
github.com/axis-cli/axis/cmd/axis/main.go:111.2,115.12 3 0
github.com/axis-cli/axis/cmd/axis/main.go:118.56,123.21 4 11
github.com/axis-cli/axis/cmd/axis/main.go:123.21,124.26 1 11
github.com/axis-cli/axis/cmd/axis/main.go:124.26,126.62 2 11
github.com/axis-cli/axis/cmd/axis/main.go:126.62,128.5 1 0
github.com/axis-cli/axis/cmd/axis/main.go:131.2,137.12 5 11
github.com/axis-cli/axis/cmd/axis/main.go:137.12,142.3 4 11
github.com/axis-cli/axis/cmd/axis/main.go:144.2,144.40 1 11
github.com/axis-cli/axis/cmd/axis/main.go:144.40,146.3 1 0
github.com/axis-cli/axis/cmd/axis/main.go:148.2,150.6 3 11
github.com/axis-cli/axis/cmd/axis/main.go:150.6,152.22 2 24
github.com/axis-cli/axis/cmd/axis/main.go:152.22,155.4 2 0
github.com/axis-cli/axis/cmd/axis/main.go:157.3,158.17 2 24
github.com/axis-cli/axis/cmd/axis/main.go:158.17,159.12 1 1
github.com/axis-cli/axis/cmd/axis/main.go:162.3,166.18 4 23
github.com/axis-cli/axis/cmd/axis/main.go:167.15,168.20 1 1
github.com/axis-cli/axis/cmd/axis/main.go:169.14,170.29 1 4
github.com/axis-cli/axis/cmd/axis/main.go:170.29,172.13 2 1
github.com/axis-cli/axis/cmd/axis/main.go:174.4,174.53 1 3
github.com/axis-cli/axis/cmd/axis/main.go:174.53,176.13 2 0
github.com/axis-cli/axis/cmd/axis/main.go:178.4,178.85 1 3
github.com/axis-cli/axis/cmd/axis/main.go:179.17,180.29 1 3
github.com/axis-cli/axis/cmd/axis/main.go:180.29,182.13 2 1
github.com/axis-cli/axis/cmd/axis/main.go:184.4,185.18 2 2
github.com/axis-cli/axis/cmd/axis/main.go:185.18,188.13 3 1
github.com/axis-cli/axis/cmd/axis/main.go:190.4,190.62 1 1
github.com/axis-cli/axis/cmd/axis/main.go:191.14,192.14 1 2
github.com/axis-cli/axis/cmd/axis/main.go:193.18,194.29 1 1
github.com/axis-cli/axis/cmd/axis/main.go:194.29,196.13 2 1
github.com/axis-cli/axis/cmd/axis/main.go:198.4,198.97 1 0
github.com/axis-cli/axis/cmd/axis/main.go:198.97,200.13 2 0
github.com/axis-cli/axis/cmd/axis/main.go:202.4,202.53 1 0
github.com/axis-cli/axis/cmd/axis/main.go:203.23,205.14 2 11
github.com/axis-cli/axis/cmd/axis/main.go:206.11,208.57 2 1
github.com/axis-cli/axis/cmd/axis/main.go:213.25,214.22 1 17
github.com/axis-cli/axis/cmd/axis/main.go:214.22,216.66 2 16
github.com/axis-cli/axis/cmd/axis/main.go:216.66,218.4 1 0
github.com/axis-cli/axis/cmd/axis/main.go:222.38,231.2 2 7
github.com/axis-cli/axis/cmd/axis/main.go:233.23,241.2 7 2
github.com/axis-cli/axis/cmd/axis/main.go:243.17,246.21 3 2
github.com/axis-cli/axis/cmd/axis/main.go:246.21,249.3 2 1
github.com/axis-cli/axis/cmd/axis/main.go:250.2,252.29 3 1
github.com/axis-cli/axis/cmd/axis/main.go:252.29,255.23 3 2
github.com/axis-cli/axis/cmd/axis/main.go:255.23,257.30 2 0
github.com/axis-cli/axis/cmd/axis/main.go:257.30,258.14 1 0
github.com/axis-cli/axis/cmd/axis/main.go:258.14,260.6 1 0
github.com/axis-cli/axis/cmd/axis/main.go:261.5,261.16 1 0
github.com/axis-cli/axis/cmd/axis/main.go:264.3,264.67 1 2
github.com/axis-cli/axis/cmd/axis/main.go:268.45,298.2 1 17
github.com/axis-cli/axis/internal/kernel/dispatcher/dispatcher.go:27.115,33.2 1 8
github.com/axis-cli/axis/internal/kernel/dispatcher/dispatcher.go:36.106,44.12 5 7
github.com/axis-cli/axis/internal/kernel/dispatcher/dispatcher.go:44.12,46.10 1 7
github.com/axis-cli/axis/internal/kernel/dispatcher/dispatcher.go:47.21,48.10 1 0
github.com/axis-cli/axis/internal/kernel/dispatcher/dispatcher.go:49.28,50.10 1 1
github.com/axis-cli/axis/internal/kernel/dispatcher/dispatcher.go:51.11,53.18 2 6
github.com/axis-cli/axis/internal/kernel/dispatcher/dispatcher.go:53.18,55.5 1 3
github.com/axis-cli/axis/internal/kernel/dispatcher/dispatcher.go:55.10,57.5 1 3
github.com/axis-cli/axis/internal/kernel/dispatcher/dispatcher.go:61.2,61.9 1 7
github.com/axis-cli/axis/internal/kernel/dispatcher/dispatcher.go:62.27,69.16 2 1
github.com/axis-cli/axis/internal/kernel/dispatcher/dispatcher.go:70.30,71.21 1 3
github.com/axis-cli/axis/internal/kernel/dispatcher/dispatcher.go:72.24,78.9 1 3
github.com/axis-cli/axis/internal/kernel/dispatcher/dispatcher.go:83.88,86.45 2 6
github.com/axis-cli/axis/internal/kernel/dispatcher/dispatcher.go:86.45,88.3 1 2
github.com/axis-cli/axis/internal/kernel/dispatcher/dispatcher.go:90.2,91.16 2 4
github.com/axis-cli/axis/internal/kernel/dispatcher/dispatcher.go:91.16,98.3 1 2
github.com/axis-cli/axis/internal/kernel/dispatcher/dispatcher.go:100.2,105.8 1 2
github.com/axis-cli/axis/internal/kernel/dispatcher/dispatcher.go:109.93,117.64 2 2
github.com/axis-cli/axis/internal/kernel/dispatcher/dispatcher.go:117.64,124.3 1 0
github.com/axis-cli/axis/internal/kernel/dispatcher/dispatcher.go:126.2,129.6 3 2
github.com/axis-cli/axis/internal/kernel/dispatcher/dispatcher.go:129.6,131.17 2 4
github.com/axis-cli/axis/internal/kernel/dispatcher/dispatcher.go:131.17,138.4 1 0
github.com/axis-cli/axis/internal/kernel/dispatcher/dispatcher.go:140.3,140.17 1 4
github.com/axis-cli/axis/internal/kernel/dispatcher/dispatcher.go:141.34,146.10 1 1
github.com/axis-cli/axis/internal/kernel/dispatcher/dispatcher.go:147.31,153.54 1 0
github.com/axis-cli/axis/internal/kernel/dispatcher/dispatcher.go:156.3,156.33 1 3
github.com/axis-cli/axis/internal/kernel/dispatcher/dispatcher.go:156.33,164.4 2 1
github.com/axis-cli/axis/internal/kernel/dispatcher/dispatcher.go:166.3,166.27 1 2
