mode: atomic
github.com/axis-cli/axis/internal/kernel/orchestrator/orchestrator.go:42.38,64.2 8 15
github.com/axis-cli/axis/internal/kernel/orchestrator/orchestrator.go:67.57,71.15 3 8
github.com/axis-cli/axis/internal/kernel/orchestrator/orchestrator.go:71.15,73.3 1 1
github.com/axis-cli/axis/internal/kernel/orchestrator/orchestrator.go:76.2,79.12 2 7
github.com/axis-cli/axis/internal/kernel/orchestrator/orchestrator.go:79.12,82.3 2 7
github.com/axis-cli/axis/internal/kernel/orchestrator/orchestrator.go:84.2,84.12 1 7
github.com/axis-cli/axis/internal/kernel/orchestrator/orchestrator.go:88.57,89.6 1 7
github.com/axis-cli/axis/internal/kernel/orchestrator/orchestrator.go:89.6,90.10 1 22
github.com/axis-cli/axis/internal/kernel/orchestrator/orchestrator.go:91.21,92.10 1 1
github.com/axis-cli/axis/internal/kernel/orchestrator/orchestrator.go:93.26,93.26 0 8
github.com/axis-cli/axis/internal/kernel/orchestrator/orchestrator.go:94.11,94.11 0 13
github.com/axis-cli/axis/internal/kernel/orchestrator/orchestrator.go:97.3,98.38 2 21
github.com/axis-cli/axis/internal/kernel/orchestrator/orchestrator.go:98.38,101.4 2 5
github.com/axis-cli/axis/internal/kernel/orchestrator/orchestrator.go:102.3,105.21 3 16
github.com/axis-cli/axis/internal/kernel/orchestrator/orchestrator.go:105.21,106.11 1 2
github.com/axis-cli/axis/internal/kernel/orchestrator/orchestrator.go:107.22,108.11 1 1
github.com/axis-cli/axis/internal/kernel/orchestrator/orchestrator.go:109.46,109.46 0 1
github.com/axis-cli/axis/internal/kernel/orchestrator/orchestrator.go:111.4,111.12 1 1
github.com/axis-cli/axis/internal/kernel/orchestrator/orchestrator.go:114.3,115.17 2 14
github.com/axis-cli/axis/internal/kernel/orchestrator/orchestrator.go:115.17,118.12 3 0
github.com/axis-cli/axis/internal/kernel/orchestrator/orchestrator.go:121.3,121.22 1 14
github.com/axis-cli/axis/internal/kernel/orchestrator/orchestrator.go:121.22,122.11 1 7
github.com/axis-cli/axis/internal/kernel/orchestrator/orchestrator.go:123.27,123.27 0 7
github.com/axis-cli/axis/internal/kernel/orchestrator/orchestrator.go:124.22,125.11 1 0
github.com/axis-cli/axis/internal/kernel/orchestrator/orchestrator.go:126.46,126.46 0 0
github.com/axis-cli/axis/internal/kernel/orchestrator/orchestrator.go:128.4,128.12 1 7
github.com/axis-cli/axis/internal/kernel/orchestrator/orchestrator.go:131.3,131.30 1 7
github.com/axis-cli/axis/internal/kernel/orchestrator/orchestrator.go:131.30,134.32 3 15
github.com/axis-cli/axis/internal/kernel/orchestrator/orchestrator.go:134.32,136.18 2 15
github.com/axis-cli/axis/internal/kernel/orchestrator/orchestrator.go:136.18,136.35 1 15
github.com/axis-cli/axis/internal/kernel/orchestrator/orchestrator.go:137.5,137.26 1 15
github.com/axis-cli/axis/internal/kernel/orchestrator/orchestrator.go:144.80,149.16 3 15
github.com/axis-cli/axis/internal/kernel/orchestrator/orchestrator.go:149.16,152.3 2 0
github.com/axis-cli/axis/internal/kernel/orchestrator/orchestrator.go:153.2,153.90 1 15
github.com/axis-cli/axis/internal/kernel/orchestrator/orchestrator.go:153.90,156.3 2 0
github.com/axis-cli/axis/internal/kernel/orchestrator/orchestrator.go:159.2,159.91 1 15
github.com/axis-cli/axis/internal/kernel/orchestrator/orchestrator.go:159.91,162.3 2 0
github.com/axis-cli/axis/internal/kernel/orchestrator/orchestrator.go:164.2,164.53 1 15
github.com/axis-cli/axis/internal/kernel/orchestrator/orchestrator.go:164.53,166.20 2 15
github.com/axis-cli/axis/internal/kernel/orchestrator/orchestrator.go:166.20,170.4 3 1
github.com/axis-cli/axis/internal/kernel/orchestrator/orchestrator.go:172.3,173.88 2 15
github.com/axis-cli/axis/internal/kernel/orchestrator/orchestrator.go:173.88,174.95 1 15
github.com/axis-cli/axis/internal/kernel/orchestrator/orchestrator.go:174.95,176.5 1 0
github.com/axis-cli/axis/internal/kernel/orchestrator/orchestrator.go:177.4,178.10 2 15
github.com/axis-cli/axis/internal/kernel/orchestrator/orchestrator.go:181.3,181.27 1 0
github.com/axis-cli/axis/internal/kernel/orchestrator/orchestrator.go:181.27,183.12 2 0
github.com/axis-cli/axis/internal/kernel/orchestrator/orchestrator.go:187.3,188.25 2 0
github.com/axis-cli/axis/internal/kernel/orchestrator/orchestrator.go:188.25,190.4 1 0
github.com/axis-cli/axis/internal/kernel/orchestrator/orchestrator.go:191.3,191.21 1 0
github.com/axis-cli/axis/internal/kernel/orchestrator/orchestrator.go:191.21,193.4 1 0
github.com/axis-cli/axis/internal/kernel/orchestrator/orchestrator.go:194.3,194.91 1 0
github.com/axis-cli/axis/internal/kernel/orchestrator/orchestrator.go:194.91,196.4 1 0
github.com/axis-cli/axis/internal/kernel/orchestrator/orchestrator.go:197.3,198.9 2 0
github.com/axis-cli/axis/internal/kernel/orchestrator/orchestrator.go:203.75,204.50 1 18
github.com/axis-cli/axis/internal/kernel/orchestrator/orchestrator.go:204.50,205.44 1 3
github.com/axis-cli/axis/internal/kernel/orchestrator/orchestrator.go:205.44,207.4 1 2
github.com/axis-cli/axis/internal/kernel/orchestrator/orchestrator.go:209.2,209.51 1 18
github.com/axis-cli/axis/internal/kernel/orchestrator/orchestrator.go:209.51,210.44 1 4
github.com/axis-cli/axis/internal/kernel/orchestrator/orchestrator.go:210.44,212.4 1 3
github.com/axis-cli/axis/internal/kernel/orchestrator/orchestrator.go:214.2,214.8 1 18
github.com/axis-cli/axis/internal/kernel/orchestrator/orchestrator.go:218.64,219.60 1 21
github.com/axis-cli/axis/internal/kernel/orchestrator/orchestrator.go:219.60,221.3 1 2
github.com/axis-cli/axis/internal/kernel/orchestrator/orchestrator.go:223.2,223.49 1 19
github.com/axis-cli/axis/internal/kernel/orchestrator/orchestrator.go:223.49,225.3 1 1
github.com/axis-cli/axis/internal/kernel/orchestrator/orchestrator.go:228.2,228.9 1 18
github.com/axis-cli/axis/internal/kernel/orchestrator/orchestrator.go:229.37,229.37 0 12
github.com/axis-cli/axis/internal/kernel/orchestrator/orchestrator.go:230.10,230.10 0 6
github.com/axis-cli/axis/internal/kernel/orchestrator/orchestrator.go:234.2,234.12 1 18
github.com/axis-cli/axis/internal/kernel/orchestrator/orchestrator.go:238.79,240.2 1 22
github.com/axis-cli/axis/internal/kernel/orchestrator/orchestrator.go:243.78,245.2 1 11
github.com/axis-cli/axis/internal/kernel/orchestrator/orchestrator.go:248.60,254.9 4 13
github.com/axis-cli/axis/internal/kernel/orchestrator/orchestrator.go:255.37,255.37 0 10
github.com/axis-cli/axis/internal/kernel/orchestrator/orchestrator.go:256.10,256.10 0 3
github.com/axis-cli/axis/internal/kernel/orchestrator/orchestrator.go:260.2,260.41 1 13
github.com/axis-cli/axis/internal/kernel/orchestrator/orchestrator.go:264.41,268.2 3 5
github.com/axis-cli/axis/internal/contract/executor/executor.go:26.50,30.2 1 19
github.com/axis-cli/axis/internal/contract/executor/executor.go:33.86,38.59 3 18
github.com/axis-cli/axis/internal/contract/executor/executor.go:38.59,40.3 1 1
github.com/axis-cli/axis/internal/contract/executor/executor.go:42.2,43.12 2 17
github.com/axis-cli/axis/internal/contract/executor/executor.go:47.113,48.59 1 3
github.com/axis-cli/axis/internal/contract/executor/executor.go:48.59,52.3 1 2
github.com/axis-cli/axis/internal/contract/executor/executor.go:56.2,58.8 1 1
github.com/axis-cli/axis/internal/contract/executor/executor.go:62.93,67.13 4 30
github.com/axis-cli/axis/internal/contract/executor/executor.go:67.13,69.3 1 2
github.com/axis-cli/axis/internal/contract/executor/executor.go:71.2,71.33 1 28
github.com/axis-cli/axis/internal/contract/executor/executor.go:71.33,73.3 1 1
github.com/axis-cli/axis/internal/contract/executor/executor.go:75.2,75.52 1 27
github.com/axis-cli/axis/internal/contract/executor/executor.go:75.52,77.32 2 53
github.com/axis-cli/axis/internal/contract/executor/executor.go:77.32,79.4 1 2
github.com/axis-cli/axis/internal/contract/executor/executor.go:81.3,81.13 1 51
github.com/axis-cli/axis/internal/contract/executor/executor.go:81.13,82.77 1 33
github.com/axis-cli/axis/internal/contract/executor/executor.go:82.77,84.5 1 8
github.com/axis-cli/axis/internal/contract/executor/executor.go:86.4,86.27 1 25
github.com/axis-cli/axis/internal/contract/executor/executor.go:86.27,87.85 1 10
github.com/axis-cli/axis/internal/contract/executor/executor.go:87.85,89.6 1 6
github.com/axis-cli/axis/internal/contract/executor/executor.go:94.2,94.12 1 11
github.com/axis-cli/axis/internal/contract/executor/executor.go:98.95,103.13 4 5
github.com/axis-cli/axis/internal/contract/executor/executor.go:103.13,105.3 1 1
github.com/axis-cli/axis/internal/contract/executor/executor.go:107.2,107.34 1 4
github.com/axis-cli/axis/internal/contract/executor/executor.go:107.34,109.3 1 1
github.com/axis-cli/axis/internal/contract/executor/executor.go:111.2,111.53 1 3
github.com/axis-cli/axis/internal/contract/executor/executor.go:111.53,113.32 2 3
github.com/axis-cli/axis/internal/contract/executor/executor.go:113.32,115.4 1 1
github.com/axis-cli/axis/internal/contract/executor/executor.go:117.3,117.13 1 2
github.com/axis-cli/axis/internal/contract/executor/executor.go:117.13,118.77 1 2
github.com/axis-cli/axis/internal/contract/executor/executor.go:118.77,120.5 1 1
github.com/axis-cli/axis/internal/contract/executor/executor.go:122.4,122.27 1 1
github.com/axis-cli/axis/internal/contract/executor/executor.go:122.27,123.85 1 0
github.com/axis-cli/axis/internal/contract/executor/executor.go:123.85,125.6 1 0
github.com/axis-cli/axis/internal/contract/executor/executor.go:130.2,130.12 1 1
github.com/axis-cli/axis/internal/contract/executor/executor.go:134.115,135.22 1 35
github.com/axis-cli/axis/internal/contract/executor/executor.go:136.29,137.35 1 11
github.com/axis-cli/axis/internal/contract/executor/executor.go:137.35,139.4 1 4
github.com/axis-cli/axis/internal/contract/executor/executor.go:140.26,141.32 1 10
github.com/axis-cli/axis/internal/contract/executor/executor.go:141.32,142.36 1 5
github.com/axis-cli/axis/internal/contract/executor/executor.go:142.36,145.5 1 4
github.com/axis-cli/axis/internal/contract/executor/executor.go:146.4,146.71 1 1
github.com/axis-cli/axis/internal/contract/executor/executor.go:148.28,149.36 1 3
github.com/axis-cli/axis/internal/contract/executor/executor.go:149.36,150.32 1 1
github.com/axis-cli/axis/internal/contract/executor/executor.go:150.32,153.5 1 0
github.com/axis-cli/axis/internal/contract/executor/executor.go:154.4,154.73 1 1
github.com/axis-cli/axis/internal/contract/executor/executor.go:156.27,157.33 1 4
github.com/axis-cli/axis/internal/contract/executor/executor.go:157.33,159.4 1 1
github.com/axis-cli/axis/internal/contract/executor/executor.go:160.28,161.34 1 4
github.com/axis-cli/axis/internal/contract/executor/executor.go:161.34,163.4 1 1
github.com/axis-cli/axis/internal/contract/executor/executor.go:164.29,165.43 1 3
github.com/axis-cli/axis/internal/contract/executor/executor.go:165.43,167.4 1 1
github.com/axis-cli/axis/internal/contract/executor/executor.go:169.2,169.12 1 22
github.com/axis-cli/axis/internal/contract/executor/executor.go:173.122,174.19 1 10
github.com/axis-cli/axis/internal/contract/executor/executor.go:175.29,177.10 2 2
github.com/axis-cli/axis/internal/contract/executor/executor.go:177.10,179.4 1 0
github.com/axis-cli/axis/internal/contract/executor/executor.go:180.3,180.43 1 2
github.com/axis-cli/axis/internal/contract/executor/executor.go:180.43,182.4 1 1
github.com/axis-cli/axis/internal/contract/executor/executor.go:183.26,185.10 2 7
github.com/axis-cli/axis/internal/contract/executor/executor.go:185.10,187.43 1 4
github.com/axis-cli/axis/internal/contract/executor/executor.go:187.43,189.66 1 4
github.com/axis-cli/axis/internal/contract/executor/executor.go:189.66,191.6 1 1
github.com/axis-cli/axis/internal/contract/executor/executor.go:192.5,194.38 2 3
github.com/axis-cli/axis/internal/contract/executor/executor.go:194.38,196.6 1 1
github.com/axis-cli/axis/internal/contract/executor/executor.go:197.10,199.5 1 0
github.com/axis-cli/axis/internal/contract/executor/executor.go:201.3,201.40 1 5
github.com/axis-cli/axis/internal/contract/executor/executor.go:201.40,203.4 1 2
github.com/axis-cli/axis/internal/contract/executor/executor.go:204.10,205.108 1 1
github.com/axis-cli/axis/internal/contract/executor/executor.go:207.2,207.12 1 4
github.com/axis-cli/axis/internal/contract/executor/executor.go:211.84,212.25 1 2
github.com/axis-cli/axis/internal/contract/executor/executor.go:212.25,213.17 1 4
github.com/axis-cli/axis/internal/contract/executor/executor.go:213.17,215.4 1 1
github.com/axis-cli/axis/internal/contract/executor/executor.go:217.2,217.14 1 1
github.com/axis-cli/axis/internal/contract/executor/executor.go:221.78,222.25 1 5
github.com/axis-cli/axis/internal/contract/executor/executor.go:222.25,223.36 1 11
github.com/axis-cli/axis/internal/contract/executor/executor.go:223.36,225.4 1 3
github.com/axis-cli/axis/internal/contract/executor/executor.go:227.2,227.14 1 2
github.com/axis-cli/axis/internal/kernel/sharedlayer/state_store.go:25.46,29.2 1 3
github.com/axis-cli/axis/internal/kernel/sharedlayer/state_store.go:32.77,37.2 4 2
github.com/axis-cli/axis/internal/kernel/sharedlayer/state_store.go:40.73,44.13 4 3
github.com/axis-cli/axis/internal/kernel/sharedlayer/state_store.go:44.13,46.3 1 2
github.com/axis-cli/axis/internal/kernel/sharedlayer/state_store.go:47.2,47.19 1 1
github.com/axis-cli/axis/internal/kernel/sharedlayer/state_store.go:51.56,56.2 4 1
github.com/axis-cli/axis/internal/contract/admission/admission.go:23.86,25.2 1 12
github.com/axis-cli/axis/internal/contract/admission/admission.go:29.72,30.23 1 12
github.com/axis-cli/axis/internal/contract/admission/admission.go:30.23,32.3 1 1
github.com/axis-cli/axis/internal/contract/admission/admission.go:34.2,34.27 1 11
github.com/axis-cli/axis/internal/contract/admission/admission.go:34.27,36.3 1 1
github.com/axis-cli/axis/internal/contract/admission/admission.go:38.2,38.86 1 10
github.com/axis-cli/axis/internal/contract/admission/admission.go:38.86,40.3 1 2
github.com/axis-cli/axis/internal/contract/admission/admission.go:42.2,42.42 1 8
github.com/axis-cli/axis/internal/contract/admission/admission.go:42.42,44.3 1 4
github.com/axis-cli/axis/internal/contract/admission/admission.go:46.2,46.12 1 4
github.com/axis-cli/axis/internal/contract/admission/admission.go:50.47,51.55 1 8
github.com/axis-cli/axis/internal/contract/admission/admission.go:51.55,53.28 2 4
github.com/axis-cli/axis/internal/contract/admission/admission.go:53.28,55.4 1 3
github.com/axis-cli/axis/internal/contract/admission/admission.go:57.2,57.56 1 5
github.com/axis-cli/axis/internal/contract/admission/admission.go:57.56,59.26 2 2
github.com/axis-cli/axis/internal/contract/admission/admission.go:59.26,61.4 1 1
github.com/axis-cli/axis/internal/contract/admission/admission.go:63.2,63.12 1 4
github.com/axis-cli/axis/internal/kernel/scheduler/scheduler.go:39.97,46.2 1 16
github.com/axis-cli/axis/internal/kernel/scheduler/scheduler.go:49.61,53.30 3 24
github.com/axis-cli/axis/internal/kernel/scheduler/scheduler.go:53.30,55.3 1 1
github.com/axis-cli/axis/internal/kernel/scheduler/scheduler.go:58.2,58.108 1 23
github.com/axis-cli/axis/internal/kernel/scheduler/scheduler.go:58.108,60.3 1 1
github.com/axis-cli/axis/internal/kernel/scheduler/scheduler.go:63.2,63.49 1 22
github.com/axis-cli/axis/internal/kernel/scheduler/scheduler.go:63.49,65.3 1 1
github.com/axis-cli/axis/internal/kernel/scheduler/scheduler.go:68.2,80.62 6 21
github.com/axis-cli/axis/internal/kernel/scheduler/scheduler.go:80.62,82.3 1 0
github.com/axis-cli/axis/internal/kernel/scheduler/scheduler.go:84.2,84.12 1 21
github.com/axis-cli/axis/internal/kernel/scheduler/scheduler.go:88.121,92.35 2 26
github.com/axis-cli/axis/internal/kernel/scheduler/scheduler.go:92.35,93.19 1 5
github.com/axis-cli/axis/internal/kernel/scheduler/scheduler.go:93.19,95.4 1 1
github.com/axis-cli/axis/internal/kernel/scheduler/scheduler.go:96.3,96.45 1 4
github.com/axis-cli/axis/internal/kernel/scheduler/scheduler.go:96.45,97.88 1 3
github.com/axis-cli/axis/internal/kernel/scheduler/scheduler.go:97.88,99.5 1 1
github.com/axis-cli/axis/internal/kernel/scheduler/scheduler.go:104.2,105.12 2 24
github.com/axis-cli/axis/internal/kernel/scheduler/scheduler.go:109.53,114.13 4 3
github.com/axis-cli/axis/internal/kernel/scheduler/scheduler.go:114.13,116.3 1 1
github.com/axis-cli/axis/internal/kernel/scheduler/scheduler.go:119.2,119.44 1 2
github.com/axis-cli/axis/internal/kernel/scheduler/scheduler.go:119.44,121.3 1 1
github.com/axis-cli/axis/internal/kernel/scheduler/scheduler.go:124.2,124.28 1 1
github.com/axis-cli/axis/internal/kernel/scheduler/scheduler.go:124.28,125.25 1 1
github.com/axis-cli/axis/internal/kernel/scheduler/scheduler.go:125.25,127.9 2 1
github.com/axis-cli/axis/internal/kernel/scheduler/scheduler.go:132.2,135.52 2 1
github.com/axis-cli/axis/internal/kernel/scheduler/scheduler.go:135.52,137.3 1 0
github.com/axis-cli/axis/internal/kernel/scheduler/scheduler.go:139.2,139.12 1 1
github.com/axis-cli/axis/internal/kernel/scheduler/scheduler.go:143.76,148.13 4 7
github.com/axis-cli/axis/internal/kernel/scheduler/scheduler.go:148.13,150.3 1 1
github.com/axis-cli/axis/internal/kernel/scheduler/scheduler.go:151.2,151.25 1 6
github.com/axis-cli/axis/internal/kernel/scheduler/scheduler.go:155.65,157.16 2 8
github.com/axis-cli/axis/internal/kernel/scheduler/scheduler.go:157.16,159.3 1 0
github.com/axis-cli/axis/internal/kernel/scheduler/scheduler.go:160.2,160.21 1 8
github.com/axis-cli/axis/internal/kernel/scheduler/scheduler.go:160.21,162.3 1 1
github.com/axis-cli/axis/internal/kernel/scheduler/scheduler.go:163.2,163.22 1 7
github.com/axis-cli/axis/internal/kernel/scheduler/scheduler.go:166.78,170.30 3 12
github.com/axis-cli/axis/internal/kernel/scheduler/scheduler.go:170.30,172.3 1 0
github.com/axis-cli/axis/internal/kernel/scheduler/scheduler.go:174.2,175.31 2 12
github.com/axis-cli/axis/internal/kernel/scheduler/scheduler.go:175.31,176.45 1 29
github.com/axis-cli/axis/internal/kernel/scheduler/scheduler.go:176.45,177.53 1 14
github.com/axis-cli/axis/internal/kernel/scheduler/scheduler.go:177.53,186.65 5 13
github.com/axis-cli/axis/internal/kernel/scheduler/scheduler.go:186.65,190.6 3 0
github.com/axis-cli/axis/internal/kernel/scheduler/scheduler.go:192.5,193.46 2 13
github.com/axis-cli/axis/internal/kernel/scheduler/scheduler.go:193.46,194.11 1 8
github.com/axis-cli/axis/internal/kernel/scheduler/scheduler.go:200.2,200.24 1 12
github.com/axis-cli/axis/internal/kernel/scheduler/scheduler.go:204.78,205.37 1 14
github.com/axis-cli/axis/internal/kernel/scheduler/scheduler.go:205.37,207.14 2 3
github.com/axis-cli/axis/internal/kernel/scheduler/scheduler.go:207.14,209.4 1 0
github.com/axis-cli/axis/internal/kernel/scheduler/scheduler.go:210.3,210.47 1 3
github.com/axis-cli/axis/internal/kernel/scheduler/scheduler.go:210.47,212.4 1 1
github.com/axis-cli/axis/internal/kernel/scheduler/scheduler.go:214.2,214.13 1 13
github.com/axis-cli/axis/internal/kernel/scheduler/scheduler.go:218.88,223.13 4 14
github.com/axis-cli/axis/internal/kernel/scheduler/scheduler.go:223.13,225.3 1 1
github.com/axis-cli/axis/internal/kernel/scheduler/scheduler.go:227.2,230.16 3 13
github.com/axis-cli/axis/internal/kernel/scheduler/scheduler.go:231.31,232.24 1 4
github.com/axis-cli/axis/internal/kernel/scheduler/scheduler.go:233.57,234.26 1 9
github.com/axis-cli/axis/internal/kernel/scheduler/scheduler.go:238.2,242.57 2 13
github.com/axis-cli/axis/internal/kernel/scheduler/scheduler.go:242.57,244.3 1 0
github.com/axis-cli/axis/internal/kernel/scheduler/scheduler.go:246.2,246.12 1 13
github.com/axis-cli/axis/cmd/axis/main.go:23.13,58.42 7 0
github.com/axis-cli/axis/cmd/axis/main.go:58.42,61.3 2 0
github.com/axis-cli/axis/cmd/axis/main.go:64.55,67.44 2 1
github.com/axis-cli/axis/cmd/axis/main.go:67.44,69.3 1 0
github.com/axis-cli/axis/cmd/axis/main.go:71.2,72.12 2 1
github.com/axis-cli/axis/cmd/axis/main.go:75.61,80.16 4 1
github.com/axis-cli/axis/cmd/axis/main.go:80.16,82.3 1 1
github.com/axis-cli/axis/cmd/axis/main.go:84.2,85.12 2 0
github.com/axis-cli/axis/cmd/axis/main.go:88.65,98.12 6 0
github.com/axis-cli/axis/cmd/axis/main.go:98.12,101.44 3 0
github.com/axis-cli/axis/cmd/axis/main.go:101.44,103.4 1 0
github.com/axis-cli/axis/cmd/axis/main.go:104.3,104.11 1 0
github.com/axis-cli/axis/cmd/axis/main.go:107.2,107.40 1 0
github.com/axis-cli/axis/cmd/axis/main.go:107.40,109.3 1 0
github.com/axis-cli/axis/cmd/axis/main.go:111.2,115.12 3 0
github.com/axis-cli/axis/cmd/axis/main.go:118.56,123.21 4 0
github.com/axis-cli/axis/cmd/axis/main.go:123.21,124.26 1 0
github.com/axis-cli/axis/cmd/axis/main.go:124.26,126.62 2 0
github.com/axis-cli/axis/cmd/axis/main.go:126.62,128.5 1 0
github.com/axis-cli/axis/cmd/axis/main.go:131.2,137.12 5 0
github.com/axis-cli/axis/cmd/axis/main.go:137.12,142.3 4 0
github.com/axis-cli/axis/cmd/axis/main.go:144.2,144.40 1 0
github.com/axis-cli/axis/cmd/axis/main.go:144.40,146.3 1 0
github.com/axis-cli/axis/cmd/axis/main.go:148.2,150.6 3 0
github.com/axis-cli/axis/cmd/axis/main.go:150.6,152.22 2 0
github.com/axis-cli/axis/cmd/axis/main.go:152.22,155.4 2 0
github.com/axis-cli/axis/cmd/axis/main.go:157.3,158.17 2 0
github.com/axis-cli/axis/cmd/axis/main.go:158.17,159.12 1 0
github.com/axis-cli/axis/cmd/axis/main.go:162.3,166.18 4 0
github.com/axis-cli/axis/cmd/axis/main.go:167.15,168.20 1 0
github.com/axis-cli/axis/cmd/axis/main.go:169.14,170.29 1 0
github.com/axis-cli/axis/cmd/axis/main.go:170.29,172.13 2 0
github.com/axis-cli/axis/cmd/axis/main.go:174.4,174.53 1 0
github.com/axis-cli/axis/cmd/axis/main.go:174.53,176.13 2 0
github.com/axis-cli/axis/cmd/axis/main.go:178.4,178.85 1 0
github.com/axis-cli/axis/cmd/axis/main.go:179.17,180.29 1 0
github.com/axis-cli/axis/cmd/axis/main.go:180.29,182.13 2 0
github.com/axis-cli/axis/cmd/axis/main.go:184.4,185.18 2 0
github.com/axis-cli/axis/cmd/axis/main.go:185.18,188.13 3 0
github.com/axis-cli/axis/cmd/axis/main.go:190.4,190.62 1 0
github.com/axis-cli/axis/cmd/axis/main.go:191.23,193.14 2 0
github.com/axis-cli/axis/cmd/axis/main.go:194.11,196.57 2 0
github.com/axis-cli/axis/cmd/axis/main.go:201.25,202.22 1 2
github.com/axis-cli/axis/cmd/axis/main.go:202.22,204.66 2 2
github.com/axis-cli/axis/cmd/axis/main.go:204.66,206.4 1 0
github.com/axis-cli/axis/cmd/axis/main.go:210.38,219.2 2 1
github.com/axis-cli/axis/cmd/axis/main.go:221.23,227.2 5 0
github.com/axis-cli/axis/cmd/axis/main.go:229.45,259.2 1 2
github.com/axis-cli/axis/internal/kernel/lifecycle/lifecycle.go:25.50,34.2 4 2
github.com/axis-cli/axis/internal/kernel/lifecycle/lifecycle.go:37.69,41.20 4 2
github.com/axis-cli/axis/internal/kernel/lifecycle/lifecycle.go:41.20,43.3 1 2
github.com/axis-cli/axis/internal/kernel/lifecycle/lifecycle.go:44.2,44.16 1 2
github.com/axis-cli/axis/internal/kernel/lifecycle/lifecycle.go:48.69,50.17 2 3
github.com/axis-cli/axis/internal/kernel/lifecycle/lifecycle.go:50.17,53.3 2 1
github.com/axis-cli/axis/internal/kernel/lifecycle/lifecycle.go:54.2,58.9 4 2
github.com/axis-cli/axis/internal/kernel/lifecycle/lifecycle.go:59.17,60.13 1 2
github.com/axis-cli/axis/internal/kernel/lifecycle/lifecycle.go:61.20,62.19 1 0
github.com/axis-cli/axis/internal/kernel/lifecycle/lifecycle.go:67.50,71.2 3 2
github.com/axis-cli/axis/internal/human/executor/executor.go:26.44,30.2 1 6
github.com/axis-cli/axis/internal/human/executor/executor.go:33.102,38.46 3 7
github.com/axis-cli/axis/internal/human/executor/executor.go:38.46,40.3 1 1
github.com/axis-cli/axis/internal/human/executor/executor.go:43.2,49.20 3 6
github.com/axis-cli/axis/internal/human/executor/executor.go:53.84,58.13 4 4
github.com/axis-cli/axis/internal/human/executor/executor.go:58.13,60.3 1 1
github.com/axis-cli/axis/internal/human/executor/executor.go:61.2,61.25 1 3
github.com/axis-cli/axis/internal/human/executor/executor.go:65.96,70.13 4 5
github.com/axis-cli/axis/internal/human/executor/executor.go:70.13,72.3 1 1
github.com/axis-cli/axis/internal/human/executor/executor.go:74.2,74.44 1 4
github.com/axis-cli/axis/internal/human/executor/executor.go:74.44,76.3 1 1
github.com/axis-cli/axis/internal/human/executor/executor.go:78.2,78.16 1 3
github.com/axis-cli/axis/internal/human/executor/executor.go:78.16,81.3 2 1
github.com/axis-cli/axis/internal/human/executor/executor.go:81.8,84.3 2 2
github.com/axis-cli/axis/internal/human/executor/executor.go:86.2,87.12 2 3
github.com/axis-cli/axis/internal/kernel/dispatcher/dispatcher.go:27.115,33.2 1 4
github.com/axis-cli/axis/internal/kernel/dispatcher/dispatcher.go:36.106,44.12 5 3
github.com/axis-cli/axis/internal/kernel/dispatcher/dispatcher.go:44.12,46.10 1 3
github.com/axis-cli/axis/internal/kernel/dispatcher/dispatcher.go:47.21,48.10 1 0
github.com/axis-cli/axis/internal/kernel/dispatcher/dispatcher.go:49.28,50.10 1 0
github.com/axis-cli/axis/internal/kernel/dispatcher/dispatcher.go:51.11,53.18 2 3
github.com/axis-cli/axis/internal/kernel/dispatcher/dispatcher.go:53.18,55.5 1 1
github.com/axis-cli/axis/internal/kernel/dispatcher/dispatcher.go:55.10,57.5 1 2
github.com/axis-cli/axis/internal/kernel/dispatcher/dispatcher.go:61.2,61.9 1 3
github.com/axis-cli/axis/internal/kernel/dispatcher/dispatcher.go:62.27,68.22 1 0
github.com/axis-cli/axis/internal/kernel/dispatcher/dispatcher.go:69.30,70.21 1 2
github.com/axis-cli/axis/internal/kernel/dispatcher/dispatcher.go:71.24,77.9 1 1
github.com/axis-cli/axis/internal/kernel/dispatcher/dispatcher.go:82.88,87.86 1 3
github.com/axis-cli/axis/internal/kernel/dispatcher/dispatcher.go:87.86,94.3 1 1
github.com/axis-cli/axis/internal/kernel/dispatcher/dispatcher.go:98.2,103.8 1 2
