mode: atomic
github.com/axis-cli/axis/internal/types/types.go:113.37,114.20 1 0
github.com/axis-cli/axis/internal/types/types.go:114.20,116.3 1 0
github.com/axis-cli/axis/internal/types/types.go:117.2,117.50 1 0
github.com/axis-cli/axis/internal/types/types.go:120.37,122.2 1 0
github.com/axis-cli/axis/internal/types/types.go:124.64,126.2 1 0
github.com/axis-cli/axis/internal/types/types.go:128.86,130.2 1 0
github.com/axis-cli/axis/cmd/axis/main.go:23.13,58.42 7 0
github.com/axis-cli/axis/cmd/axis/main.go:58.42,61.3 2 0
github.com/axis-cli/axis/cmd/axis/main.go:64.55,67.44 2 1
github.com/axis-cli/axis/cmd/axis/main.go:67.44,69.3 1 0
github.com/axis-cli/axis/cmd/axis/main.go:71.2,72.12 2 1
github.com/axis-cli/axis/cmd/axis/main.go:75.61,80.16 4 1
github.com/axis-cli/axis/cmd/axis/main.go:80.16,82.3 1 1
github.com/axis-cli/axis/cmd/axis/main.go:84.2,85.12 2 0
github.com/axis-cli/axis/cmd/axis/main.go:88.65,98.12 6 0
github.com/axis-cli/axis/cmd/axis/main.go:98.12,101.44 3 0
github.com/axis-cli/axis/cmd/axis/main.go:101.44,103.4 1 0
github.com/axis-cli/axis/cmd/axis/main.go:104.3,104.11 1 0
github.com/axis-cli/axis/cmd/axis/main.go:107.2,107.40 1 0
github.com/axis-cli/axis/cmd/axis/main.go:107.40,109.3 1 0
github.com/axis-cli/axis/cmd/axis/main.go:111.2,115.12 3 0
github.com/axis-cli/axis/cmd/axis/main.go:118.56,123.21 4 0
github.com/axis-cli/axis/cmd/axis/main.go:123.21,124.26 1 0
github.com/axis-cli/axis/cmd/axis/main.go:124.26,126.62 2 0
github.com/axis-cli/axis/cmd/axis/main.go:126.62,128.5 1 0
github.com/axis-cli/axis/cmd/axis/main.go:131.2,137.12 5 0
github.com/axis-cli/axis/cmd/axis/main.go:137.12,142.3 4 0
github.com/axis-cli/axis/cmd/axis/main.go:144.2,144.40 1 0
github.com/axis-cli/axis/cmd/axis/main.go:144.40,146.3 1 0
github.com/axis-cli/axis/cmd/axis/main.go:148.2,150.6 3 0
github.com/axis-cli/axis/cmd/axis/main.go:150.6,152.22 2 0
github.com/axis-cli/axis/cmd/axis/main.go:152.22,155.4 2 0
github.com/axis-cli/axis/cmd/axis/main.go:157.3,158.17 2 0
github.com/axis-cli/axis/cmd/axis/main.go:158.17,159.12 1 0
github.com/axis-cli/axis/cmd/axis/main.go:162.3,166.18 4 0
github.com/axis-cli/axis/cmd/axis/main.go:167.15,168.20 1 0
github.com/axis-cli/axis/cmd/axis/main.go:169.14,170.29 1 0
github.com/axis-cli/axis/cmd/axis/main.go:170.29,172.13 2 0
github.com/axis-cli/axis/cmd/axis/main.go:174.4,174.53 1 0
github.com/axis-cli/axis/cmd/axis/main.go:174.53,176.13 2 0
github.com/axis-cli/axis/cmd/axis/main.go:178.4,178.85 1 0
github.com/axis-cli/axis/cmd/axis/main.go:179.17,180.29 1 0
github.com/axis-cli/axis/cmd/axis/main.go:180.29,182.13 2 0
github.com/axis-cli/axis/cmd/axis/main.go:184.4,185.18 2 0
github.com/axis-cli/axis/cmd/axis/main.go:185.18,188.13 3 0
github.com/axis-cli/axis/cmd/axis/main.go:190.4,190.62 1 0
github.com/axis-cli/axis/cmd/axis/main.go:191.23,193.14 2 0
github.com/axis-cli/axis/cmd/axis/main.go:194.11,196.57 2 0
github.com/axis-cli/axis/cmd/axis/main.go:201.25,202.22 1 2
github.com/axis-cli/axis/cmd/axis/main.go:202.22,204.66 2 2
github.com/axis-cli/axis/cmd/axis/main.go:204.66,206.4 1 0
github.com/axis-cli/axis/cmd/axis/main.go:210.38,219.2 2 1
github.com/axis-cli/axis/cmd/axis/main.go:221.23,227.2 5 1
github.com/axis-cli/axis/cmd/axis/main.go:229.45,259.2 1 2
github.com/axis-cli/axis/internal/contract/admission/admission.go:23.86,25.2 1 12
github.com/axis-cli/axis/internal/contract/admission/admission.go:29.72,30.23 1 12
github.com/axis-cli/axis/internal/contract/admission/admission.go:30.23,32.3 1 1
github.com/axis-cli/axis/internal/contract/admission/admission.go:34.2,34.27 1 11
github.com/axis-cli/axis/internal/contract/admission/admission.go:34.27,36.3 1 1
github.com/axis-cli/axis/internal/contract/admission/admission.go:38.2,38.86 1 10
github.com/axis-cli/axis/internal/contract/admission/admission.go:38.86,40.3 1 2
github.com/axis-cli/axis/internal/contract/admission/admission.go:42.2,42.42 1 8
github.com/axis-cli/axis/internal/contract/admission/admission.go:42.42,44.3 1 4
github.com/axis-cli/axis/internal/contract/admission/admission.go:46.2,46.12 1 4
github.com/axis-cli/axis/internal/contract/admission/admission.go:50.47,51.55 1 8
github.com/axis-cli/axis/internal/contract/admission/admission.go:51.55,53.28 2 4
github.com/axis-cli/axis/internal/contract/admission/admission.go:53.28,55.4 1 3
github.com/axis-cli/axis/internal/contract/admission/admission.go:57.2,57.56 1 5
github.com/axis-cli/axis/internal/contract/admission/admission.go:57.56,59.26 2 2
github.com/axis-cli/axis/internal/contract/admission/admission.go:59.26,61.4 1 1
github.com/axis-cli/axis/internal/contract/admission/admission.go:63.2,63.12 1 4
github.com/axis-cli/axis/internal/human/executor/executor.go:26.44,30.2 1 6
github.com/axis-cli/axis/internal/human/executor/executor.go:33.102,38.46 3 7
github.com/axis-cli/axis/internal/human/executor/executor.go:38.46,40.3 1 1
github.com/axis-cli/axis/internal/human/executor/executor.go:43.2,49.20 3 6
github.com/axis-cli/axis/internal/human/executor/executor.go:53.84,58.13 4 4
github.com/axis-cli/axis/internal/human/executor/executor.go:58.13,60.3 1 1
github.com/axis-cli/axis/internal/human/executor/executor.go:61.2,61.25 1 3
github.com/axis-cli/axis/internal/human/executor/executor.go:65.96,70.13 4 5
github.com/axis-cli/axis/internal/human/executor/executor.go:70.13,72.3 1 1
github.com/axis-cli/axis/internal/human/executor/executor.go:74.2,74.44 1 4
github.com/axis-cli/axis/internal/human/executor/executor.go:74.44,76.3 1 1
github.com/axis-cli/axis/internal/human/executor/executor.go:78.2,78.16 1 3
github.com/axis-cli/axis/internal/human/executor/executor.go:78.16,81.3 2 1
github.com/axis-cli/axis/internal/human/executor/executor.go:81.8,84.3 2 2
github.com/axis-cli/axis/internal/human/executor/executor.go:86.2,87.12 2 3
github.com/axis-cli/axis/internal/kernel/sharedlayer/state_store.go:25.46,29.2 1 3
github.com/axis-cli/axis/internal/kernel/sharedlayer/state_store.go:32.77,37.2 4 2
github.com/axis-cli/axis/internal/kernel/sharedlayer/state_store.go:40.73,44.13 4 3
github.com/axis-cli/axis/internal/kernel/sharedlayer/state_store.go:44.13,46.3 1 2
github.com/axis-cli/axis/internal/kernel/sharedlayer/state_store.go:47.2,47.19 1 1
github.com/axis-cli/axis/internal/kernel/sharedlayer/state_store.go:51.56,56.2 4 1
github.com/axis-cli/axis/internal/kernel/lifecycle/lifecycle.go:25.50,34.2 4 3
github.com/axis-cli/axis/internal/kernel/lifecycle/lifecycle.go:37.69,41.20 4 3
github.com/axis-cli/axis/internal/kernel/lifecycle/lifecycle.go:41.20,43.3 1 3
github.com/axis-cli/axis/internal/kernel/lifecycle/lifecycle.go:44.2,44.16 1 3
github.com/axis-cli/axis/internal/kernel/lifecycle/lifecycle.go:48.69,50.17 2 4
github.com/axis-cli/axis/internal/kernel/lifecycle/lifecycle.go:50.17,53.3 2 1
github.com/axis-cli/axis/internal/kernel/lifecycle/lifecycle.go:54.2,58.9 4 3
github.com/axis-cli/axis/internal/kernel/lifecycle/lifecycle.go:59.17,60.13 1 2
github.com/axis-cli/axis/internal/kernel/lifecycle/lifecycle.go:61.20,62.19 1 1
github.com/axis-cli/axis/internal/kernel/lifecycle/lifecycle.go:67.50,71.2 3 2
github.com/axis-cli/axis/internal/kernel/dispatcher/dispatcher.go:27.115,33.2 1 4
github.com/axis-cli/axis/internal/kernel/dispatcher/dispatcher.go:36.106,44.12 5 3
github.com/axis-cli/axis/internal/kernel/dispatcher/dispatcher.go:44.12,46.10 1 3
github.com/axis-cli/axis/internal/kernel/dispatcher/dispatcher.go:47.21,48.10 1 0
github.com/axis-cli/axis/internal/kernel/dispatcher/dispatcher.go:49.28,50.10 1 0
github.com/axis-cli/axis/internal/kernel/dispatcher/dispatcher.go:51.11,53.18 2 3
github.com/axis-cli/axis/internal/kernel/dispatcher/dispatcher.go:53.18,55.5 1 1
github.com/axis-cli/axis/internal/kernel/dispatcher/dispatcher.go:55.10,57.5 1 2
github.com/axis-cli/axis/internal/kernel/dispatcher/dispatcher.go:61.2,61.9 1 3
github.com/axis-cli/axis/internal/kernel/dispatcher/dispatcher.go:62.27,69.16 2 0
github.com/axis-cli/axis/internal/kernel/dispatcher/dispatcher.go:70.30,71.21 1 2
github.com/axis-cli/axis/internal/kernel/dispatcher/dispatcher.go:72.24,78.9 1 1
github.com/axis-cli/axis/internal/kernel/dispatcher/dispatcher.go:83.88,88.86 1 3
github.com/axis-cli/axis/internal/kernel/dispatcher/dispatcher.go:88.86,95.3 1 1
github.com/axis-cli/axis/internal/kernel/dispatcher/dispatcher.go:99.2,104.8 1 2
github.com/axis-cli/axis/internal/kernel/scheduler/scheduler.go:38.97,45.2 1 19
github.com/axis-cli/axis/internal/kernel/scheduler/scheduler.go:48.61,52.30 3 27
github.com/axis-cli/axis/internal/kernel/scheduler/scheduler.go:52.30,54.3 1 1
github.com/axis-cli/axis/internal/kernel/scheduler/scheduler.go:57.2,57.108 1 26
github.com/axis-cli/axis/internal/kernel/scheduler/scheduler.go:57.108,59.3 1 1
github.com/axis-cli/axis/internal/kernel/scheduler/scheduler.go:62.2,62.49 1 25
github.com/axis-cli/axis/internal/kernel/scheduler/scheduler.go:62.49,64.3 1 1
github.com/axis-cli/axis/internal/kernel/scheduler/scheduler.go:67.2,79.62 6 24
github.com/axis-cli/axis/internal/kernel/scheduler/scheduler.go:79.62,81.3 1 0
github.com/axis-cli/axis/internal/kernel/scheduler/scheduler.go:83.2,83.12 1 24
github.com/axis-cli/axis/internal/kernel/scheduler/scheduler.go:87.121,91.35 2 30
github.com/axis-cli/axis/internal/kernel/scheduler/scheduler.go:91.35,92.19 1 7
github.com/axis-cli/axis/internal/kernel/scheduler/scheduler.go:92.19,94.4 1 1
github.com/axis-cli/axis/internal/kernel/scheduler/scheduler.go:95.3,95.45 1 6
github.com/axis-cli/axis/internal/kernel/scheduler/scheduler.go:95.45,96.88 1 4
github.com/axis-cli/axis/internal/kernel/scheduler/scheduler.go:96.88,98.5 1 1
github.com/axis-cli/axis/internal/kernel/scheduler/scheduler.go:103.2,104.12 2 28
github.com/axis-cli/axis/internal/kernel/scheduler/scheduler.go:108.53,113.13 4 3
github.com/axis-cli/axis/internal/kernel/scheduler/scheduler.go:113.13,115.3 1 1
github.com/axis-cli/axis/internal/kernel/scheduler/scheduler.go:118.2,118.44 1 2
github.com/axis-cli/axis/internal/kernel/scheduler/scheduler.go:118.44,120.3 1 1
github.com/axis-cli/axis/internal/kernel/scheduler/scheduler.go:123.2,123.28 1 1
github.com/axis-cli/axis/internal/kernel/scheduler/scheduler.go:123.28,124.25 1 1
github.com/axis-cli/axis/internal/kernel/scheduler/scheduler.go:124.25,126.9 2 1
github.com/axis-cli/axis/internal/kernel/scheduler/scheduler.go:131.2,134.52 2 1
github.com/axis-cli/axis/internal/kernel/scheduler/scheduler.go:134.52,136.3 1 0
github.com/axis-cli/axis/internal/kernel/scheduler/scheduler.go:138.2,138.12 1 1
github.com/axis-cli/axis/internal/kernel/scheduler/scheduler.go:142.76,147.13 4 7
github.com/axis-cli/axis/internal/kernel/scheduler/scheduler.go:147.13,149.3 1 1
github.com/axis-cli/axis/internal/kernel/scheduler/scheduler.go:150.2,150.25 1 6
github.com/axis-cli/axis/internal/kernel/scheduler/scheduler.go:154.65,156.16 2 9
github.com/axis-cli/axis/internal/kernel/scheduler/scheduler.go:156.16,158.3 1 1
github.com/axis-cli/axis/internal/kernel/scheduler/scheduler.go:159.2,159.21 1 8
github.com/axis-cli/axis/internal/kernel/scheduler/scheduler.go:159.21,161.3 1 1
github.com/axis-cli/axis/internal/kernel/scheduler/scheduler.go:162.2,162.22 1 7
github.com/axis-cli/axis/internal/kernel/scheduler/scheduler.go:165.78,169.30 3 15
github.com/axis-cli/axis/internal/kernel/scheduler/scheduler.go:169.30,171.3 1 1
github.com/axis-cli/axis/internal/kernel/scheduler/scheduler.go:173.2,174.31 2 14
github.com/axis-cli/axis/internal/kernel/scheduler/scheduler.go:174.31,175.45 1 32
github.com/axis-cli/axis/internal/kernel/scheduler/scheduler.go:175.45,176.53 1 16
github.com/axis-cli/axis/internal/kernel/scheduler/scheduler.go:176.53,185.65 5 13
github.com/axis-cli/axis/internal/kernel/scheduler/scheduler.go:185.65,189.6 3 0
github.com/axis-cli/axis/internal/kernel/scheduler/scheduler.go:191.5,192.46 2 13
github.com/axis-cli/axis/internal/kernel/scheduler/scheduler.go:192.46,193.11 1 8
github.com/axis-cli/axis/internal/kernel/scheduler/scheduler.go:199.2,199.24 1 14
github.com/axis-cli/axis/internal/kernel/scheduler/scheduler.go:203.78,204.37 1 16
github.com/axis-cli/axis/internal/kernel/scheduler/scheduler.go:204.37,206.14 2 5
github.com/axis-cli/axis/internal/kernel/scheduler/scheduler.go:206.14,208.4 1 1
github.com/axis-cli/axis/internal/kernel/scheduler/scheduler.go:209.3,209.47 1 4
github.com/axis-cli/axis/internal/kernel/scheduler/scheduler.go:209.47,211.4 1 2
github.com/axis-cli/axis/internal/kernel/scheduler/scheduler.go:213.2,213.13 1 13
github.com/axis-cli/axis/internal/kernel/scheduler/scheduler.go:217.88,222.13 4 15
github.com/axis-cli/axis/internal/kernel/scheduler/scheduler.go:222.13,224.3 1 1
github.com/axis-cli/axis/internal/kernel/scheduler/scheduler.go:226.2,229.16 3 14
github.com/axis-cli/axis/internal/kernel/scheduler/scheduler.go:230.31,231.24 1 4
github.com/axis-cli/axis/internal/kernel/scheduler/scheduler.go:232.57,233.26 1 10
github.com/axis-cli/axis/internal/kernel/scheduler/scheduler.go:237.2,241.57 2 14
github.com/axis-cli/axis/internal/kernel/scheduler/scheduler.go:241.57,243.3 1 0
github.com/axis-cli/axis/internal/kernel/scheduler/scheduler.go:245.2,245.12 1 14
github.com/axis-cli/axis/internal/contract/executor/executor.go:26.50,30.2 1 19
github.com/axis-cli/axis/internal/contract/executor/executor.go:33.86,38.59 3 18
github.com/axis-cli/axis/internal/contract/executor/executor.go:38.59,40.3 1 1
github.com/axis-cli/axis/internal/contract/executor/executor.go:42.2,43.12 2 17
github.com/axis-cli/axis/internal/contract/executor/executor.go:47.113,48.59 1 3
github.com/axis-cli/axis/internal/contract/executor/executor.go:48.59,52.3 1 2
github.com/axis-cli/axis/internal/contract/executor/executor.go:56.2,58.8 1 1
github.com/axis-cli/axis/internal/contract/executor/executor.go:62.93,67.13 4 30
github.com/axis-cli/axis/internal/contract/executor/executor.go:67.13,69.3 1 2
github.com/axis-cli/axis/internal/contract/executor/executor.go:71.2,71.33 1 28
github.com/axis-cli/axis/internal/contract/executor/executor.go:71.33,73.3 1 1
github.com/axis-cli/axis/internal/contract/executor/executor.go:75.2,75.52 1 27
github.com/axis-cli/axis/internal/contract/executor/executor.go:75.52,77.32 2 53
github.com/axis-cli/axis/internal/contract/executor/executor.go:77.32,79.4 1 2
github.com/axis-cli/axis/internal/contract/executor/executor.go:81.3,81.13 1 51
github.com/axis-cli/axis/internal/contract/executor/executor.go:81.13,82.77 1 33
github.com/axis-cli/axis/internal/contract/executor/executor.go:82.77,84.5 1 8
github.com/axis-cli/axis/internal/contract/executor/executor.go:86.4,86.27 1 25
github.com/axis-cli/axis/internal/contract/executor/executor.go:86.27,87.85 1 10
github.com/axis-cli/axis/internal/contract/executor/executor.go:87.85,89.6 1 6
github.com/axis-cli/axis/internal/contract/executor/executor.go:94.2,94.12 1 11
github.com/axis-cli/axis/internal/contract/executor/executor.go:98.95,103.13 4 5
github.com/axis-cli/axis/internal/contract/executor/executor.go:103.13,105.3 1 1
github.com/axis-cli/axis/internal/contract/executor/executor.go:107.2,107.34 1 4
github.com/axis-cli/axis/internal/contract/executor/executor.go:107.34,109.3 1 1
github.com/axis-cli/axis/internal/contract/executor/executor.go:111.2,111.53 1 3
github.com/axis-cli/axis/internal/contract/executor/executor.go:111.53,113.32 2 3
github.com/axis-cli/axis/internal/contract/executor/executor.go:113.32,115.4 1 1
github.com/axis-cli/axis/internal/contract/executor/executor.go:117.3,117.13 1 2
github.com/axis-cli/axis/internal/contract/executor/executor.go:117.13,118.77 1 2
github.com/axis-cli/axis/internal/contract/executor/executor.go:118.77,120.5 1 1
github.com/axis-cli/axis/internal/contract/executor/executor.go:122.4,122.27 1 1
github.com/axis-cli/axis/internal/contract/executor/executor.go:122.27,123.85 1 0
github.com/axis-cli/axis/internal/contract/executor/executor.go:123.85,125.6 1 0
github.com/axis-cli/axis/internal/contract/executor/executor.go:130.2,130.12 1 1
github.com/axis-cli/axis/internal/contract/executor/executor.go:134.115,135.22 1 35
github.com/axis-cli/axis/internal/contract/executor/executor.go:136.29,137.35 1 11
github.com/axis-cli/axis/internal/contract/executor/executor.go:137.35,139.4 1 4
github.com/axis-cli/axis/internal/contract/executor/executor.go:140.26,141.32 1 10
github.com/axis-cli/axis/internal/contract/executor/executor.go:141.32,142.36 1 5
github.com/axis-cli/axis/internal/contract/executor/executor.go:142.36,145.5 1 4
github.com/axis-cli/axis/internal/contract/executor/executor.go:146.4,146.71 1 1
github.com/axis-cli/axis/internal/contract/executor/executor.go:148.28,149.36 1 3
github.com/axis-cli/axis/internal/contract/executor/executor.go:149.36,150.32 1 1
github.com/axis-cli/axis/internal/contract/executor/executor.go:150.32,153.5 1 0
github.com/axis-cli/axis/internal/contract/executor/executor.go:154.4,154.73 1 1
github.com/axis-cli/axis/internal/contract/executor/executor.go:156.27,157.33 1 4
github.com/axis-cli/axis/internal/contract/executor/executor.go:157.33,159.4 1 1
github.com/axis-cli/axis/internal/contract/executor/executor.go:160.28,161.34 1 4
github.com/axis-cli/axis/internal/contract/executor/executor.go:161.34,163.4 1 1
github.com/axis-cli/axis/internal/contract/executor/executor.go:164.29,165.43 1 3
github.com/axis-cli/axis/internal/contract/executor/executor.go:165.43,167.4 1 1
github.com/axis-cli/axis/internal/contract/executor/executor.go:169.2,169.12 1 22
github.com/axis-cli/axis/internal/contract/executor/executor.go:173.122,174.19 1 10
github.com/axis-cli/axis/internal/contract/executor/executor.go:175.29,177.10 2 2
github.com/axis-cli/axis/internal/contract/executor/executor.go:177.10,179.4 1 0
github.com/axis-cli/axis/internal/contract/executor/executor.go:180.3,180.43 1 2
github.com/axis-cli/axis/internal/contract/executor/executor.go:180.43,182.4 1 1
github.com/axis-cli/axis/internal/contract/executor/executor.go:183.26,185.10 2 7
github.com/axis-cli/axis/internal/contract/executor/executor.go:185.10,187.43 1 4
github.com/axis-cli/axis/internal/contract/executor/executor.go:187.43,189.66 1 4
github.com/axis-cli/axis/internal/contract/executor/executor.go:189.66,191.6 1 1
github.com/axis-cli/axis/internal/contract/executor/executor.go:192.5,194.38 2 3
github.com/axis-cli/axis/internal/contract/executor/executor.go:194.38,196.6 1 1
github.com/axis-cli/axis/internal/contract/executor/executor.go:197.10,199.5 1 0
github.com/axis-cli/axis/internal/contract/executor/executor.go:201.3,201.40 1 5
github.com/axis-cli/axis/internal/contract/executor/executor.go:201.40,203.4 1 2
github.com/axis-cli/axis/internal/contract/executor/executor.go:204.10,205.108 1 1
github.com/axis-cli/axis/internal/contract/executor/executor.go:207.2,207.12 1 4
github.com/axis-cli/axis/internal/contract/executor/executor.go:211.84,212.25 1 2
github.com/axis-cli/axis/internal/contract/executor/executor.go:212.25,213.17 1 4
github.com/axis-cli/axis/internal/contract/executor/executor.go:213.17,215.4 1 1
github.com/axis-cli/axis/internal/contract/executor/executor.go:217.2,217.14 1 1
github.com/axis-cli/axis/internal/contract/executor/executor.go:221.78,222.25 1 5
github.com/axis-cli/axis/internal/contract/executor/executor.go:222.25,223.36 1 11
github.com/axis-cli/axis/internal/contract/executor/executor.go:223.36,225.4 1 3
github.com/axis-cli/axis/internal/contract/executor/executor.go:227.2,227.14 1 2
github.com/axis-cli/axis/internal/kernel/orchestrator/orchestrator.go:42.38,64.2 8 15
github.com/axis-cli/axis/internal/kernel/orchestrator/orchestrator.go:67.57,71.15 3 8
github.com/axis-cli/axis/internal/kernel/orchestrator/orchestrator.go:71.15,73.3 1 1
github.com/axis-cli/axis/internal/kernel/orchestrator/orchestrator.go:76.2,79.12 2 7
github.com/axis-cli/axis/internal/kernel/orchestrator/orchestrator.go:79.12,82.3 2 7
github.com/axis-cli/axis/internal/kernel/orchestrator/orchestrator.go:84.2,84.12 1 7
github.com/axis-cli/axis/internal/kernel/orchestrator/orchestrator.go:88.57,89.6 1 7
github.com/axis-cli/axis/internal/kernel/orchestrator/orchestrator.go:89.6,90.10 1 20
github.com/axis-cli/axis/internal/kernel/orchestrator/orchestrator.go:91.21,92.10 1 2
github.com/axis-cli/axis/internal/kernel/orchestrator/orchestrator.go:93.26,93.26 0 10
github.com/axis-cli/axis/internal/kernel/orchestrator/orchestrator.go:94.11,94.11 0 8
github.com/axis-cli/axis/internal/kernel/orchestrator/orchestrator.go:97.3,98.38 2 18
github.com/axis-cli/axis/internal/kernel/orchestrator/orchestrator.go:98.38,101.4 2 4
github.com/axis-cli/axis/internal/kernel/orchestrator/orchestrator.go:102.3,105.21 3 14
github.com/axis-cli/axis/internal/kernel/orchestrator/orchestrator.go:105.21,106.11 1 2
github.com/axis-cli/axis/internal/kernel/orchestrator/orchestrator.go:107.22,108.11 1 1
github.com/axis-cli/axis/internal/kernel/orchestrator/orchestrator.go:109.46,109.46 0 1
github.com/axis-cli/axis/internal/kernel/orchestrator/orchestrator.go:111.4,111.12 1 1
github.com/axis-cli/axis/internal/kernel/orchestrator/orchestrator.go:114.3,115.17 2 12
github.com/axis-cli/axis/internal/kernel/orchestrator/orchestrator.go:115.17,118.12 3 0
github.com/axis-cli/axis/internal/kernel/orchestrator/orchestrator.go:121.3,121.22 1 12
github.com/axis-cli/axis/internal/kernel/orchestrator/orchestrator.go:121.22,122.11 1 5
github.com/axis-cli/axis/internal/kernel/orchestrator/orchestrator.go:123.27,123.27 0 5
github.com/axis-cli/axis/internal/kernel/orchestrator/orchestrator.go:124.22,125.11 1 0
github.com/axis-cli/axis/internal/kernel/orchestrator/orchestrator.go:126.46,126.46 0 0
github.com/axis-cli/axis/internal/kernel/orchestrator/orchestrator.go:128.4,128.12 1 5
github.com/axis-cli/axis/internal/kernel/orchestrator/orchestrator.go:131.3,131.30 1 7
github.com/axis-cli/axis/internal/kernel/orchestrator/orchestrator.go:131.30,134.32 3 15
github.com/axis-cli/axis/internal/kernel/orchestrator/orchestrator.go:134.32,136.18 2 15
github.com/axis-cli/axis/internal/kernel/orchestrator/orchestrator.go:136.18,136.35 1 15
github.com/axis-cli/axis/internal/kernel/orchestrator/orchestrator.go:137.5,137.26 1 15
github.com/axis-cli/axis/internal/kernel/orchestrator/orchestrator.go:144.80,149.16 3 15
github.com/axis-cli/axis/internal/kernel/orchestrator/orchestrator.go:149.16,152.3 2 0
github.com/axis-cli/axis/internal/kernel/orchestrator/orchestrator.go:153.2,153.90 1 15
github.com/axis-cli/axis/internal/kernel/orchestrator/orchestrator.go:153.90,156.3 2 0
github.com/axis-cli/axis/internal/kernel/orchestrator/orchestrator.go:159.2,159.91 1 15
github.com/axis-cli/axis/internal/kernel/orchestrator/orchestrator.go:159.91,162.3 2 0
github.com/axis-cli/axis/internal/kernel/orchestrator/orchestrator.go:164.2,164.53 1 15
github.com/axis-cli/axis/internal/kernel/orchestrator/orchestrator.go:164.53,166.20 2 15
github.com/axis-cli/axis/internal/kernel/orchestrator/orchestrator.go:166.20,170.4 3 1
github.com/axis-cli/axis/internal/kernel/orchestrator/orchestrator.go:172.3,173.88 2 15
github.com/axis-cli/axis/internal/kernel/orchestrator/orchestrator.go:173.88,174.95 1 15
github.com/axis-cli/axis/internal/kernel/orchestrator/orchestrator.go:174.95,176.5 1 0
github.com/axis-cli/axis/internal/kernel/orchestrator/orchestrator.go:177.4,178.10 2 15
github.com/axis-cli/axis/internal/kernel/orchestrator/orchestrator.go:181.3,181.27 1 0
github.com/axis-cli/axis/internal/kernel/orchestrator/orchestrator.go:181.27,183.12 2 0
github.com/axis-cli/axis/internal/kernel/orchestrator/orchestrator.go:187.3,188.22 2 0
github.com/axis-cli/axis/internal/kernel/orchestrator/orchestrator.go:188.22,190.4 1 0
github.com/axis-cli/axis/internal/kernel/orchestrator/orchestrator.go:190.9,190.56 1 0
github.com/axis-cli/axis/internal/kernel/orchestrator/orchestrator.go:190.56,192.4 1 0
github.com/axis-cli/axis/internal/kernel/orchestrator/orchestrator.go:193.3,193.21 1 0
github.com/axis-cli/axis/internal/kernel/orchestrator/orchestrator.go:193.21,196.4 1 0
github.com/axis-cli/axis/internal/kernel/orchestrator/orchestrator.go:197.3,197.91 1 0
github.com/axis-cli/axis/internal/kernel/orchestrator/orchestrator.go:197.91,199.4 1 0
github.com/axis-cli/axis/internal/kernel/orchestrator/orchestrator.go:200.3,201.9 2 0
github.com/axis-cli/axis/internal/kernel/orchestrator/orchestrator.go:206.75,207.50 1 18
github.com/axis-cli/axis/internal/kernel/orchestrator/orchestrator.go:207.50,208.44 1 3
github.com/axis-cli/axis/internal/kernel/orchestrator/orchestrator.go:208.44,210.4 1 2
github.com/axis-cli/axis/internal/kernel/orchestrator/orchestrator.go:212.2,212.51 1 18
github.com/axis-cli/axis/internal/kernel/orchestrator/orchestrator.go:212.51,213.44 1 4
github.com/axis-cli/axis/internal/kernel/orchestrator/orchestrator.go:213.44,215.4 1 3
github.com/axis-cli/axis/internal/kernel/orchestrator/orchestrator.go:217.2,217.8 1 18
github.com/axis-cli/axis/internal/kernel/orchestrator/orchestrator.go:221.64,222.60 1 21
github.com/axis-cli/axis/internal/kernel/orchestrator/orchestrator.go:222.60,224.3 1 2
github.com/axis-cli/axis/internal/kernel/orchestrator/orchestrator.go:226.2,226.49 1 19
github.com/axis-cli/axis/internal/kernel/orchestrator/orchestrator.go:226.49,228.3 1 1
github.com/axis-cli/axis/internal/kernel/orchestrator/orchestrator.go:231.2,231.9 1 18
github.com/axis-cli/axis/internal/kernel/orchestrator/orchestrator.go:232.37,232.37 0 12
github.com/axis-cli/axis/internal/kernel/orchestrator/orchestrator.go:233.10,233.10 0 6
github.com/axis-cli/axis/internal/kernel/orchestrator/orchestrator.go:237.2,237.12 1 18
github.com/axis-cli/axis/internal/kernel/orchestrator/orchestrator.go:241.79,243.2 1 22
github.com/axis-cli/axis/internal/kernel/orchestrator/orchestrator.go:246.78,248.2 1 11
github.com/axis-cli/axis/internal/kernel/orchestrator/orchestrator.go:251.60,257.9 4 13
github.com/axis-cli/axis/internal/kernel/orchestrator/orchestrator.go:258.37,258.37 0 10
github.com/axis-cli/axis/internal/kernel/orchestrator/orchestrator.go:259.10,259.10 0 3
github.com/axis-cli/axis/internal/kernel/orchestrator/orchestrator.go:263.2,263.41 1 13
github.com/axis-cli/axis/internal/kernel/orchestrator/orchestrator.go:267.41,271.2 3 5
