mode: set
github.com/axis-cli/axis/internal/kernel/lifecycle/lifecycle.go:25.50,34.2 4 1
github.com/axis-cli/axis/internal/kernel/lifecycle/lifecycle.go:37.69,41.20 4 1
github.com/axis-cli/axis/internal/kernel/lifecycle/lifecycle.go:41.20,43.3 1 1
github.com/axis-cli/axis/internal/kernel/lifecycle/lifecycle.go:44.2,44.16 1 1
github.com/axis-cli/axis/internal/kernel/lifecycle/lifecycle.go:48.69,50.17 2 1
github.com/axis-cli/axis/internal/kernel/lifecycle/lifecycle.go:50.17,53.3 2 1
github.com/axis-cli/axis/internal/kernel/lifecycle/lifecycle.go:54.2,58.9 4 1
github.com/axis-cli/axis/internal/kernel/lifecycle/lifecycle.go:59.17,60.13 1 1
github.com/axis-cli/axis/internal/kernel/lifecycle/lifecycle.go:61.20,62.19 1 1
github.com/axis-cli/axis/internal/kernel/lifecycle/lifecycle.go:67.50,71.2 3 1
github.com/axis-cli/axis/internal/kernel/sharedlayer/state_store.go:25.46,29.2 1 1
github.com/axis-cli/axis/internal/kernel/sharedlayer/state_store.go:32.77,37.2 4 1
github.com/axis-cli/axis/internal/kernel/sharedlayer/state_store.go:40.73,44.13 4 1
github.com/axis-cli/axis/internal/kernel/sharedlayer/state_store.go:44.13,46.3 1 1
github.com/axis-cli/axis/internal/kernel/sharedlayer/state_store.go:47.2,47.19 1 1
github.com/axis-cli/axis/internal/kernel/sharedlayer/state_store.go:51.56,56.2 4 1
github.com/axis-cli/axis/internal/kernel/scheduler/scheduler.go:38.97,45.2 1 1
github.com/axis-cli/axis/internal/kernel/scheduler/scheduler.go:48.61,52.30 3 1
github.com/axis-cli/axis/internal/kernel/scheduler/scheduler.go:52.30,54.3 1 1
github.com/axis-cli/axis/internal/kernel/scheduler/scheduler.go:57.2,57.108 1 1
github.com/axis-cli/axis/internal/kernel/scheduler/scheduler.go:57.108,59.3 1 1
github.com/axis-cli/axis/internal/kernel/scheduler/scheduler.go:62.2,62.49 1 1
github.com/axis-cli/axis/internal/kernel/scheduler/scheduler.go:62.49,64.3 1 1
github.com/axis-cli/axis/internal/kernel/scheduler/scheduler.go:67.2,79.62 6 1
github.com/axis-cli/axis/internal/kernel/scheduler/scheduler.go:79.62,81.3 1 0
github.com/axis-cli/axis/internal/kernel/scheduler/scheduler.go:83.2,83.12 1 1
github.com/axis-cli/axis/internal/kernel/scheduler/scheduler.go:87.121,91.35 2 1
github.com/axis-cli/axis/internal/kernel/scheduler/scheduler.go:91.35,92.19 1 1
github.com/axis-cli/axis/internal/kernel/scheduler/scheduler.go:92.19,94.4 1 1
github.com/axis-cli/axis/internal/kernel/scheduler/scheduler.go:95.3,95.45 1 1
github.com/axis-cli/axis/internal/kernel/scheduler/scheduler.go:95.45,96.88 1 1
github.com/axis-cli/axis/internal/kernel/scheduler/scheduler.go:96.88,98.5 1 1
github.com/axis-cli/axis/internal/kernel/scheduler/scheduler.go:103.2,104.12 2 1
github.com/axis-cli/axis/internal/kernel/scheduler/scheduler.go:108.53,113.13 4 1
github.com/axis-cli/axis/internal/kernel/scheduler/scheduler.go:113.13,115.3 1 1
github.com/axis-cli/axis/internal/kernel/scheduler/scheduler.go:118.2,118.44 1 1
github.com/axis-cli/axis/internal/kernel/scheduler/scheduler.go:118.44,120.3 1 1
github.com/axis-cli/axis/internal/kernel/scheduler/scheduler.go:123.2,123.28 1 1
github.com/axis-cli/axis/internal/kernel/scheduler/scheduler.go:123.28,124.25 1 1
github.com/axis-cli/axis/internal/kernel/scheduler/scheduler.go:124.25,126.9 2 1
github.com/axis-cli/axis/internal/kernel/scheduler/scheduler.go:131.2,134.52 2 1
github.com/axis-cli/axis/internal/kernel/scheduler/scheduler.go:134.52,136.3 1 0
github.com/axis-cli/axis/internal/kernel/scheduler/scheduler.go:138.2,138.12 1 1
github.com/axis-cli/axis/internal/kernel/scheduler/scheduler.go:142.76,147.13 4 1
github.com/axis-cli/axis/internal/kernel/scheduler/scheduler.go:147.13,149.3 1 1
github.com/axis-cli/axis/internal/kernel/scheduler/scheduler.go:150.2,150.25 1 1
github.com/axis-cli/axis/internal/kernel/scheduler/scheduler.go:154.65,156.16 2 1
github.com/axis-cli/axis/internal/kernel/scheduler/scheduler.go:156.16,158.3 1 1
github.com/axis-cli/axis/internal/kernel/scheduler/scheduler.go:159.2,159.21 1 1
github.com/axis-cli/axis/internal/kernel/scheduler/scheduler.go:159.21,161.3 1 1
github.com/axis-cli/axis/internal/kernel/scheduler/scheduler.go:162.2,162.22 1 1
github.com/axis-cli/axis/internal/kernel/scheduler/scheduler.go:165.78,169.30 3 1
github.com/axis-cli/axis/internal/kernel/scheduler/scheduler.go:169.30,171.3 1 1
github.com/axis-cli/axis/internal/kernel/scheduler/scheduler.go:173.2,174.31 2 1
github.com/axis-cli/axis/internal/kernel/scheduler/scheduler.go:174.31,175.45 1 1
github.com/axis-cli/axis/internal/kernel/scheduler/scheduler.go:175.45,176.53 1 1
github.com/axis-cli/axis/internal/kernel/scheduler/scheduler.go:176.53,185.65 5 1
github.com/axis-cli/axis/internal/kernel/scheduler/scheduler.go:185.65,189.6 3 0
github.com/axis-cli/axis/internal/kernel/scheduler/scheduler.go:191.5,192.46 2 1
github.com/axis-cli/axis/internal/kernel/scheduler/scheduler.go:192.46,193.11 1 1
github.com/axis-cli/axis/internal/kernel/scheduler/scheduler.go:199.2,199.24 1 1
github.com/axis-cli/axis/internal/kernel/scheduler/scheduler.go:203.78,204.37 1 1
github.com/axis-cli/axis/internal/kernel/scheduler/scheduler.go:204.37,206.14 2 1
github.com/axis-cli/axis/internal/kernel/scheduler/scheduler.go:206.14,208.4 1 1
github.com/axis-cli/axis/internal/kernel/scheduler/scheduler.go:209.3,209.44 1 1
github.com/axis-cli/axis/internal/kernel/scheduler/scheduler.go:209.44,210.12 1 1
github.com/axis-cli/axis/internal/kernel/scheduler/scheduler.go:212.3,212.47 1 1
github.com/axis-cli/axis/internal/kernel/scheduler/scheduler.go:212.47,214.4 1 1
github.com/axis-cli/axis/internal/kernel/scheduler/scheduler.go:216.2,216.13 1 1
github.com/axis-cli/axis/internal/kernel/scheduler/scheduler.go:220.58,225.33 4 1
github.com/axis-cli/axis/internal/kernel/scheduler/scheduler.go:225.33,227.33 2 1
github.com/axis-cli/axis/internal/kernel/scheduler/scheduler.go:227.33,230.4 2 0
github.com/axis-cli/axis/internal/kernel/scheduler/scheduler.go:231.3,231.27 1 1
github.com/axis-cli/axis/internal/kernel/scheduler/scheduler.go:231.27,233.36 2 0
github.com/axis-cli/axis/internal/kernel/scheduler/scheduler.go:233.36,235.5 1 0
github.com/axis-cli/axis/internal/kernel/scheduler/scheduler.go:237.3,237.24 1 1
github.com/axis-cli/axis/internal/kernel/scheduler/scheduler.go:237.24,239.33 2 0
github.com/axis-cli/axis/internal/kernel/scheduler/scheduler.go:239.33,241.5 1 0
github.com/axis-cli/axis/internal/kernel/scheduler/scheduler.go:243.3,243.37 1 1
github.com/axis-cli/axis/internal/kernel/scheduler/scheduler.go:245.2,245.15 1 1
github.com/axis-cli/axis/internal/kernel/scheduler/scheduler.go:249.66,254.34 4 1
github.com/axis-cli/axis/internal/kernel/scheduler/scheduler.go:254.34,255.34 1 1
github.com/axis-cli/axis/internal/kernel/scheduler/scheduler.go:255.34,257.4 1 1
github.com/axis-cli/axis/internal/kernel/scheduler/scheduler.go:257.9,261.4 3 1
github.com/axis-cli/axis/internal/kernel/scheduler/scheduler.go:263.2,263.15 1 1
github.com/axis-cli/axis/internal/kernel/scheduler/scheduler.go:267.88,272.13 4 1
github.com/axis-cli/axis/internal/kernel/scheduler/scheduler.go:272.13,274.3 1 1
github.com/axis-cli/axis/internal/kernel/scheduler/scheduler.go:276.2,279.16 3 1
github.com/axis-cli/axis/internal/kernel/scheduler/scheduler.go:280.31,281.24 1 1
github.com/axis-cli/axis/internal/kernel/scheduler/scheduler.go:282.57,283.26 1 1
github.com/axis-cli/axis/internal/kernel/scheduler/scheduler.go:287.2,291.57 2 1
github.com/axis-cli/axis/internal/kernel/scheduler/scheduler.go:291.57,293.3 1 0
github.com/axis-cli/axis/internal/kernel/scheduler/scheduler.go:295.2,295.12 1 1
github.com/axis-cli/axis/internal/kernel/dispatcher/dispatcher.go:28.115,34.2 1 1
github.com/axis-cli/axis/internal/kernel/dispatcher/dispatcher.go:37.106,45.12 5 1
github.com/axis-cli/axis/internal/kernel/dispatcher/dispatcher.go:45.12,47.10 1 1
github.com/axis-cli/axis/internal/kernel/dispatcher/dispatcher.go:48.21,49.10 1 1
github.com/axis-cli/axis/internal/kernel/dispatcher/dispatcher.go:50.28,51.10 1 0
github.com/axis-cli/axis/internal/kernel/dispatcher/dispatcher.go:52.11,54.18 2 1
github.com/axis-cli/axis/internal/kernel/dispatcher/dispatcher.go:54.18,56.5 1 1
github.com/axis-cli/axis/internal/kernel/dispatcher/dispatcher.go:56.10,58.5 1 1
github.com/axis-cli/axis/internal/kernel/dispatcher/dispatcher.go:62.2,62.9 1 1
github.com/axis-cli/axis/internal/kernel/dispatcher/dispatcher.go:63.27,65.10 1 1
github.com/axis-cli/axis/internal/kernel/dispatcher/dispatcher.go:66.25,67.75 1 0
github.com/axis-cli/axis/internal/kernel/dispatcher/dispatcher.go:68.11,68.11 0 1
github.com/axis-cli/axis/internal/kernel/dispatcher/dispatcher.go:70.3,76.16 2 1
github.com/axis-cli/axis/internal/kernel/dispatcher/dispatcher.go:77.30,78.21 1 1
github.com/axis-cli/axis/internal/kernel/dispatcher/dispatcher.go:79.24,85.9 1 1
github.com/axis-cli/axis/internal/kernel/dispatcher/dispatcher.go:90.88,93.45 2 1
github.com/axis-cli/axis/internal/kernel/dispatcher/dispatcher.go:93.45,95.3 1 1
github.com/axis-cli/axis/internal/kernel/dispatcher/dispatcher.go:97.2,98.16 2 1
github.com/axis-cli/axis/internal/kernel/dispatcher/dispatcher.go:98.16,105.3 1 1
github.com/axis-cli/axis/internal/kernel/dispatcher/dispatcher.go:107.2,112.8 1 1
github.com/axis-cli/axis/internal/kernel/dispatcher/dispatcher.go:116.93,124.64 2 1
github.com/axis-cli/axis/internal/kernel/dispatcher/dispatcher.go:124.64,131.3 1 0
github.com/axis-cli/axis/internal/kernel/dispatcher/dispatcher.go:133.2,136.6 3 1
github.com/axis-cli/axis/internal/kernel/dispatcher/dispatcher.go:136.6,138.17 2 1
github.com/axis-cli/axis/internal/kernel/dispatcher/dispatcher.go:138.17,145.4 1 0
github.com/axis-cli/axis/internal/kernel/dispatcher/dispatcher.go:147.3,147.17 1 1
github.com/axis-cli/axis/internal/kernel/dispatcher/dispatcher.go:148.34,153.10 1 1
github.com/axis-cli/axis/internal/kernel/dispatcher/dispatcher.go:154.31,160.54 1 0
github.com/axis-cli/axis/internal/kernel/dispatcher/dispatcher.go:163.3,163.33 1 1
github.com/axis-cli/axis/internal/kernel/dispatcher/dispatcher.go:163.33,171.4 2 1
github.com/axis-cli/axis/internal/kernel/dispatcher/dispatcher.go:173.3,173.27 1 1
github.com/axis-cli/axis/internal/kernel/orchestrator/orchestrator.go:29.69,30.31 1 1
github.com/axis-cli/axis/internal/kernel/orchestrator/orchestrator.go:30.31,32.3 1 1
github.com/axis-cli/axis/internal/kernel/orchestrator/orchestrator.go:54.64,78.27 10 1
github.com/axis-cli/axis/internal/kernel/orchestrator/orchestrator.go:78.27,80.3 1 1
github.com/axis-cli/axis/internal/kernel/orchestrator/orchestrator.go:82.2,82.13 1 1
github.com/axis-cli/axis/internal/kernel/orchestrator/orchestrator.go:86.57,90.15 3 1
github.com/axis-cli/axis/internal/kernel/orchestrator/orchestrator.go:90.15,92.3 1 1
github.com/axis-cli/axis/internal/kernel/orchestrator/orchestrator.go:95.2,98.12 2 1
github.com/axis-cli/axis/internal/kernel/orchestrator/orchestrator.go:98.12,101.3 2 1
github.com/axis-cli/axis/internal/kernel/orchestrator/orchestrator.go:103.2,103.12 1 1
github.com/axis-cli/axis/internal/kernel/orchestrator/orchestrator.go:107.57,108.6 1 1
github.com/axis-cli/axis/internal/kernel/orchestrator/orchestrator.go:108.6,109.10 1 1
github.com/axis-cli/axis/internal/kernel/orchestrator/orchestrator.go:110.21,111.10 1 1
github.com/axis-cli/axis/internal/kernel/orchestrator/orchestrator.go:112.26,112.26 0 1
github.com/axis-cli/axis/internal/kernel/orchestrator/orchestrator.go:113.11,113.11 0 1
github.com/axis-cli/axis/internal/kernel/orchestrator/orchestrator.go:116.3,117.38 2 1
github.com/axis-cli/axis/internal/kernel/orchestrator/orchestrator.go:117.38,120.4 2 1
github.com/axis-cli/axis/internal/kernel/orchestrator/orchestrator.go:121.3,124.21 3 1
github.com/axis-cli/axis/internal/kernel/orchestrator/orchestrator.go:124.21,125.11 1 1
github.com/axis-cli/axis/internal/kernel/orchestrator/orchestrator.go:126.22,127.11 1 0
github.com/axis-cli/axis/internal/kernel/orchestrator/orchestrator.go:128.46,128.46 0 1
github.com/axis-cli/axis/internal/kernel/orchestrator/orchestrator.go:130.4,130.12 1 1
github.com/axis-cli/axis/internal/kernel/orchestrator/orchestrator.go:133.3,134.17 2 1
github.com/axis-cli/axis/internal/kernel/orchestrator/orchestrator.go:134.17,137.12 3 0
github.com/axis-cli/axis/internal/kernel/orchestrator/orchestrator.go:140.3,140.22 1 1
github.com/axis-cli/axis/internal/kernel/orchestrator/orchestrator.go:140.22,141.11 1 1
github.com/axis-cli/axis/internal/kernel/orchestrator/orchestrator.go:142.27,142.27 0 1
github.com/axis-cli/axis/internal/kernel/orchestrator/orchestrator.go:143.22,144.11 1 0
github.com/axis-cli/axis/internal/kernel/orchestrator/orchestrator.go:145.46,145.46 0 0
github.com/axis-cli/axis/internal/kernel/orchestrator/orchestrator.go:147.4,147.12 1 1
github.com/axis-cli/axis/internal/kernel/orchestrator/orchestrator.go:150.3,150.30 1 1
github.com/axis-cli/axis/internal/kernel/orchestrator/orchestrator.go:150.30,153.32 3 1
github.com/axis-cli/axis/internal/kernel/orchestrator/orchestrator.go:153.32,155.18 2 1
github.com/axis-cli/axis/internal/kernel/orchestrator/orchestrator.go:155.18,155.35 1 1
github.com/axis-cli/axis/internal/kernel/orchestrator/orchestrator.go:156.5,156.26 1 1
github.com/axis-cli/axis/internal/kernel/orchestrator/orchestrator.go:163.80,168.16 3 1
github.com/axis-cli/axis/internal/kernel/orchestrator/orchestrator.go:168.16,171.3 2 0
github.com/axis-cli/axis/internal/kernel/orchestrator/orchestrator.go:172.2,172.90 1 1
github.com/axis-cli/axis/internal/kernel/orchestrator/orchestrator.go:172.90,175.3 2 0
github.com/axis-cli/axis/internal/kernel/orchestrator/orchestrator.go:178.2,178.91 1 1
github.com/axis-cli/axis/internal/kernel/orchestrator/orchestrator.go:178.91,181.3 2 0
github.com/axis-cli/axis/internal/kernel/orchestrator/orchestrator.go:183.2,183.53 1 1
github.com/axis-cli/axis/internal/kernel/orchestrator/orchestrator.go:183.53,184.60 1 1
github.com/axis-cli/axis/internal/kernel/orchestrator/orchestrator.go:184.60,186.21 2 1
github.com/axis-cli/axis/internal/kernel/orchestrator/orchestrator.go:186.21,190.5 3 1
github.com/axis-cli/axis/internal/kernel/orchestrator/orchestrator.go:191.4,191.47 1 1
github.com/axis-cli/axis/internal/kernel/orchestrator/orchestrator.go:193.3,193.88 1 1
github.com/axis-cli/axis/internal/kernel/orchestrator/orchestrator.go:193.88,194.95 1 1
github.com/axis-cli/axis/internal/kernel/orchestrator/orchestrator.go:194.95,196.98 2 0
github.com/axis-cli/axis/internal/kernel/orchestrator/orchestrator.go:196.98,198.6 1 0
github.com/axis-cli/axis/internal/kernel/orchestrator/orchestrator.go:200.4,201.10 2 1
github.com/axis-cli/axis/internal/kernel/orchestrator/orchestrator.go:204.3,204.27 1 1
github.com/axis-cli/axis/internal/kernel/orchestrator/orchestrator.go:204.27,206.12 2 1
github.com/axis-cli/axis/internal/kernel/orchestrator/orchestrator.go:210.3,211.22 2 1
github.com/axis-cli/axis/internal/kernel/orchestrator/orchestrator.go:211.22,213.4 1 0
github.com/axis-cli/axis/internal/kernel/orchestrator/orchestrator.go:213.9,213.56 1 1
github.com/axis-cli/axis/internal/kernel/orchestrator/orchestrator.go:213.56,215.4 1 1
github.com/axis-cli/axis/internal/kernel/orchestrator/orchestrator.go:216.3,216.21 1 1
github.com/axis-cli/axis/internal/kernel/orchestrator/orchestrator.go:216.21,219.4 1 1
github.com/axis-cli/axis/internal/kernel/orchestrator/orchestrator.go:220.3,220.91 1 1
github.com/axis-cli/axis/internal/kernel/orchestrator/orchestrator.go:220.91,222.94 2 0
github.com/axis-cli/axis/internal/kernel/orchestrator/orchestrator.go:222.94,224.5 1 0
github.com/axis-cli/axis/internal/kernel/orchestrator/orchestrator.go:226.3,227.9 2 1
github.com/axis-cli/axis/internal/kernel/orchestrator/orchestrator.go:232.75,233.50 1 1
github.com/axis-cli/axis/internal/kernel/orchestrator/orchestrator.go:233.50,234.44 1 1
github.com/axis-cli/axis/internal/kernel/orchestrator/orchestrator.go:234.44,236.4 1 1
github.com/axis-cli/axis/internal/kernel/orchestrator/orchestrator.go:238.2,238.51 1 1
github.com/axis-cli/axis/internal/kernel/orchestrator/orchestrator.go:238.51,239.44 1 1
github.com/axis-cli/axis/internal/kernel/orchestrator/orchestrator.go:239.44,241.4 1 1
github.com/axis-cli/axis/internal/kernel/orchestrator/orchestrator.go:243.2,243.8 1 1
github.com/axis-cli/axis/internal/kernel/orchestrator/orchestrator.go:247.64,248.60 1 1
github.com/axis-cli/axis/internal/kernel/orchestrator/orchestrator.go:248.60,250.3 1 1
github.com/axis-cli/axis/internal/kernel/orchestrator/orchestrator.go:252.2,252.49 1 1
github.com/axis-cli/axis/internal/kernel/orchestrator/orchestrator.go:252.49,254.3 1 1
github.com/axis-cli/axis/internal/kernel/orchestrator/orchestrator.go:257.2,257.9 1 1
github.com/axis-cli/axis/internal/kernel/orchestrator/orchestrator.go:258.37,258.37 0 1
github.com/axis-cli/axis/internal/kernel/orchestrator/orchestrator.go:259.10,259.10 0 1
github.com/axis-cli/axis/internal/kernel/orchestrator/orchestrator.go:263.2,263.12 1 1
github.com/axis-cli/axis/internal/kernel/orchestrator/orchestrator.go:267.79,269.2 1 1
github.com/axis-cli/axis/internal/kernel/orchestrator/orchestrator.go:272.78,274.2 1 1
github.com/axis-cli/axis/internal/kernel/orchestrator/orchestrator.go:277.60,283.9 4 1
github.com/axis-cli/axis/internal/kernel/orchestrator/orchestrator.go:284.37,284.37 0 1
github.com/axis-cli/axis/internal/kernel/orchestrator/orchestrator.go:285.10,285.10 0 1
github.com/axis-cli/axis/internal/kernel/orchestrator/orchestrator.go:289.2,289.41 1 1
github.com/axis-cli/axis/internal/kernel/orchestrator/orchestrator.go:293.41,297.2 3 1
github.com/axis-cli/axis/internal/kernel/orchestrator/orchestrator.go:300.57,302.2 1 1
github.com/axis-cli/axis/internal/kernel/orchestrator/orchestrator.go:305.65,307.2 1 1
github.com/axis-cli/axis/internal/kernel/orchestrator/orchestrator.go:310.80,312.2 1 1
