mode: atomic
github.com/axis-cli/axis/internal/contract/executor/executor.go:26.50,30.2 1 9
github.com/axis-cli/axis/internal/contract/executor/executor.go:33.86,38.59 3 8
github.com/axis-cli/axis/internal/contract/executor/executor.go:38.59,40.3 1 0
github.com/axis-cli/axis/internal/contract/executor/executor.go:42.2,43.12 2 8
github.com/axis-cli/axis/internal/contract/executor/executor.go:47.113,48.59 1 1
github.com/axis-cli/axis/internal/contract/executor/executor.go:48.59,52.3 1 0
github.com/axis-cli/axis/internal/contract/executor/executor.go:56.2,58.8 1 1
github.com/axis-cli/axis/internal/contract/executor/executor.go:62.93,67.13 4 18
github.com/axis-cli/axis/internal/contract/executor/executor.go:67.13,69.3 1 1
github.com/axis-cli/axis/internal/contract/executor/executor.go:71.2,71.33 1 17
github.com/axis-cli/axis/internal/contract/executor/executor.go:71.33,73.3 1 1
github.com/axis-cli/axis/internal/contract/executor/executor.go:75.2,75.52 1 16
github.com/axis-cli/axis/internal/contract/executor/executor.go:75.52,77.32 2 40
github.com/axis-cli/axis/internal/contract/executor/executor.go:77.32,79.4 1 1
github.com/axis-cli/axis/internal/contract/executor/executor.go:81.3,81.13 1 39
github.com/axis-cli/axis/internal/contract/executor/executor.go:81.13,82.77 1 21
github.com/axis-cli/axis/internal/contract/executor/executor.go:82.77,84.5 1 6
github.com/axis-cli/axis/internal/contract/executor/executor.go:86.4,86.27 1 15
github.com/axis-cli/axis/internal/contract/executor/executor.go:86.27,87.85 1 3
github.com/axis-cli/axis/internal/contract/executor/executor.go:87.85,89.6 1 1
github.com/axis-cli/axis/internal/contract/executor/executor.go:94.2,94.12 1 8
github.com/axis-cli/axis/internal/contract/executor/executor.go:98.95,103.13 4 4
github.com/axis-cli/axis/internal/contract/executor/executor.go:103.13,105.3 1 1
github.com/axis-cli/axis/internal/contract/executor/executor.go:107.2,107.34 1 3
github.com/axis-cli/axis/internal/contract/executor/executor.go:107.34,109.3 1 1
github.com/axis-cli/axis/internal/contract/executor/executor.go:111.2,111.53 1 2
github.com/axis-cli/axis/internal/contract/executor/executor.go:111.53,113.32 2 2
github.com/axis-cli/axis/internal/contract/executor/executor.go:113.32,115.4 1 1
github.com/axis-cli/axis/internal/contract/executor/executor.go:117.3,117.13 1 1
github.com/axis-cli/axis/internal/contract/executor/executor.go:117.13,118.77 1 1
github.com/axis-cli/axis/internal/contract/executor/executor.go:118.77,120.5 1 0
github.com/axis-cli/axis/internal/contract/executor/executor.go:122.4,122.27 1 1
github.com/axis-cli/axis/internal/contract/executor/executor.go:122.27,123.85 1 0
github.com/axis-cli/axis/internal/contract/executor/executor.go:123.85,125.6 1 0
github.com/axis-cli/axis/internal/contract/executor/executor.go:130.2,130.12 1 1
github.com/axis-cli/axis/internal/contract/executor/executor.go:134.115,135.22 1 22
github.com/axis-cli/axis/internal/contract/executor/executor.go:136.29,137.35 1 10
github.com/axis-cli/axis/internal/contract/executor/executor.go:137.35,139.4 1 3
github.com/axis-cli/axis/internal/contract/executor/executor.go:140.26,141.32 1 4
github.com/axis-cli/axis/internal/contract/executor/executor.go:141.32,142.36 1 1
github.com/axis-cli/axis/internal/contract/executor/executor.go:142.36,145.5 1 0
github.com/axis-cli/axis/internal/contract/executor/executor.go:146.4,146.71 1 1
github.com/axis-cli/axis/internal/contract/executor/executor.go:148.28,149.36 1 3
github.com/axis-cli/axis/internal/contract/executor/executor.go:149.36,150.32 1 1
github.com/axis-cli/axis/internal/contract/executor/executor.go:150.32,153.5 1 0
github.com/axis-cli/axis/internal/contract/executor/executor.go:154.4,154.73 1 1
github.com/axis-cli/axis/internal/contract/executor/executor.go:156.27,157.33 1 3
github.com/axis-cli/axis/internal/contract/executor/executor.go:157.33,159.4 1 1
github.com/axis-cli/axis/internal/contract/executor/executor.go:160.28,161.34 1 1
github.com/axis-cli/axis/internal/contract/executor/executor.go:161.34,163.4 1 0
github.com/axis-cli/axis/internal/contract/executor/executor.go:164.29,165.43 1 1
github.com/axis-cli/axis/internal/contract/executor/executor.go:165.43,167.4 1 0
github.com/axis-cli/axis/internal/contract/executor/executor.go:169.2,169.12 1 16
github.com/axis-cli/axis/internal/contract/executor/executor.go:173.122,174.19 1 3
github.com/axis-cli/axis/internal/contract/executor/executor.go:175.29,177.10 2 2
github.com/axis-cli/axis/internal/contract/executor/executor.go:177.10,179.4 1 0
github.com/axis-cli/axis/internal/contract/executor/executor.go:180.3,180.43 1 2
github.com/axis-cli/axis/internal/contract/executor/executor.go:180.43,182.4 1 1
github.com/axis-cli/axis/internal/contract/executor/executor.go:183.26,185.10 2 1
github.com/axis-cli/axis/internal/contract/executor/executor.go:185.10,187.43 1 0
github.com/axis-cli/axis/internal/contract/executor/executor.go:187.43,189.66 1 0
github.com/axis-cli/axis/internal/contract/executor/executor.go:189.66,191.6 1 0
github.com/axis-cli/axis/internal/contract/executor/executor.go:192.5,194.38 2 0
github.com/axis-cli/axis/internal/contract/executor/executor.go:194.38,196.6 1 0
github.com/axis-cli/axis/internal/contract/executor/executor.go:197.10,199.5 1 0
github.com/axis-cli/axis/internal/contract/executor/executor.go:201.3,201.40 1 1
github.com/axis-cli/axis/internal/contract/executor/executor.go:201.40,203.4 1 0
github.com/axis-cli/axis/internal/contract/executor/executor.go:204.10,205.108 1 0
github.com/axis-cli/axis/internal/contract/executor/executor.go:207.2,207.12 1 2
github.com/axis-cli/axis/internal/contract/executor/executor.go:211.84,212.25 1 2
github.com/axis-cli/axis/internal/contract/executor/executor.go:212.25,213.17 1 4
github.com/axis-cli/axis/internal/contract/executor/executor.go:213.17,215.4 1 1
github.com/axis-cli/axis/internal/contract/executor/executor.go:217.2,217.14 1 1
github.com/axis-cli/axis/internal/contract/executor/executor.go:221.78,222.25 1 1
github.com/axis-cli/axis/internal/contract/executor/executor.go:222.25,223.36 1 1
github.com/axis-cli/axis/internal/contract/executor/executor.go:223.36,225.4 1 1
github.com/axis-cli/axis/internal/contract/executor/executor.go:227.2,227.14 1 0
