mode: atomic
github.com/axis-cli/axis/internal/kernel/scheduler/scheduler.go:39.97,46.2 1 16
github.com/axis-cli/axis/internal/kernel/scheduler/scheduler.go:49.61,53.30 3 24
github.com/axis-cli/axis/internal/kernel/scheduler/scheduler.go:53.30,55.3 1 1
github.com/axis-cli/axis/internal/kernel/scheduler/scheduler.go:58.2,58.108 1 23
github.com/axis-cli/axis/internal/kernel/scheduler/scheduler.go:58.108,60.3 1 1
github.com/axis-cli/axis/internal/kernel/scheduler/scheduler.go:63.2,63.49 1 22
github.com/axis-cli/axis/internal/kernel/scheduler/scheduler.go:63.49,65.3 1 1
github.com/axis-cli/axis/internal/kernel/scheduler/scheduler.go:68.2,80.62 6 21
github.com/axis-cli/axis/internal/kernel/scheduler/scheduler.go:80.62,82.3 1 0
github.com/axis-cli/axis/internal/kernel/scheduler/scheduler.go:84.2,84.12 1 21
github.com/axis-cli/axis/internal/kernel/scheduler/scheduler.go:88.121,92.35 2 26
github.com/axis-cli/axis/internal/kernel/scheduler/scheduler.go:92.35,93.19 1 5
github.com/axis-cli/axis/internal/kernel/scheduler/scheduler.go:93.19,95.4 1 1
github.com/axis-cli/axis/internal/kernel/scheduler/scheduler.go:96.3,96.45 1 4
github.com/axis-cli/axis/internal/kernel/scheduler/scheduler.go:96.45,97.88 1 3
github.com/axis-cli/axis/internal/kernel/scheduler/scheduler.go:97.88,99.5 1 1
github.com/axis-cli/axis/internal/kernel/scheduler/scheduler.go:104.2,105.12 2 24
github.com/axis-cli/axis/internal/kernel/scheduler/scheduler.go:109.53,114.13 4 3
github.com/axis-cli/axis/internal/kernel/scheduler/scheduler.go:114.13,116.3 1 1
github.com/axis-cli/axis/internal/kernel/scheduler/scheduler.go:119.2,119.44 1 2
github.com/axis-cli/axis/internal/kernel/scheduler/scheduler.go:119.44,121.3 1 1
github.com/axis-cli/axis/internal/kernel/scheduler/scheduler.go:124.2,124.28 1 1
github.com/axis-cli/axis/internal/kernel/scheduler/scheduler.go:124.28,125.25 1 1
github.com/axis-cli/axis/internal/kernel/scheduler/scheduler.go:125.25,127.9 2 1
github.com/axis-cli/axis/internal/kernel/scheduler/scheduler.go:132.2,135.52 2 1
github.com/axis-cli/axis/internal/kernel/scheduler/scheduler.go:135.52,137.3 1 0
github.com/axis-cli/axis/internal/kernel/scheduler/scheduler.go:139.2,139.12 1 1
github.com/axis-cli/axis/internal/kernel/scheduler/scheduler.go:143.76,148.13 4 7
github.com/axis-cli/axis/internal/kernel/scheduler/scheduler.go:148.13,150.3 1 1
github.com/axis-cli/axis/internal/kernel/scheduler/scheduler.go:151.2,151.25 1 6
github.com/axis-cli/axis/internal/kernel/scheduler/scheduler.go:155.65,157.16 2 8
github.com/axis-cli/axis/internal/kernel/scheduler/scheduler.go:157.16,159.3 1 0
github.com/axis-cli/axis/internal/kernel/scheduler/scheduler.go:160.2,160.21 1 8
github.com/axis-cli/axis/internal/kernel/scheduler/scheduler.go:160.21,162.3 1 1
github.com/axis-cli/axis/internal/kernel/scheduler/scheduler.go:163.2,163.22 1 7
github.com/axis-cli/axis/internal/kernel/scheduler/scheduler.go:166.78,170.30 3 12
github.com/axis-cli/axis/internal/kernel/scheduler/scheduler.go:170.30,172.3 1 0
github.com/axis-cli/axis/internal/kernel/scheduler/scheduler.go:174.2,175.31 2 12
github.com/axis-cli/axis/internal/kernel/scheduler/scheduler.go:175.31,176.45 1 29
github.com/axis-cli/axis/internal/kernel/scheduler/scheduler.go:176.45,177.53 1 14
github.com/axis-cli/axis/internal/kernel/scheduler/scheduler.go:177.53,186.65 5 13
github.com/axis-cli/axis/internal/kernel/scheduler/scheduler.go:186.65,190.6 3 0
github.com/axis-cli/axis/internal/kernel/scheduler/scheduler.go:192.5,193.46 2 13
github.com/axis-cli/axis/internal/kernel/scheduler/scheduler.go:193.46,194.11 1 8
github.com/axis-cli/axis/internal/kernel/scheduler/scheduler.go:200.2,200.24 1 12
github.com/axis-cli/axis/internal/kernel/scheduler/scheduler.go:204.78,205.37 1 14
github.com/axis-cli/axis/internal/kernel/scheduler/scheduler.go:205.37,207.14 2 3
github.com/axis-cli/axis/internal/kernel/scheduler/scheduler.go:207.14,209.4 1 0
github.com/axis-cli/axis/internal/kernel/scheduler/scheduler.go:210.3,210.47 1 3
github.com/axis-cli/axis/internal/kernel/scheduler/scheduler.go:210.47,212.4 1 1
github.com/axis-cli/axis/internal/kernel/scheduler/scheduler.go:214.2,214.13 1 13
github.com/axis-cli/axis/internal/kernel/scheduler/scheduler.go:218.88,223.13 4 14
github.com/axis-cli/axis/internal/kernel/scheduler/scheduler.go:223.13,225.3 1 1
github.com/axis-cli/axis/internal/kernel/scheduler/scheduler.go:227.2,230.16 3 13
github.com/axis-cli/axis/internal/kernel/scheduler/scheduler.go:231.31,232.24 1 4
github.com/axis-cli/axis/internal/kernel/scheduler/scheduler.go:233.57,234.26 1 9
github.com/axis-cli/axis/internal/kernel/scheduler/scheduler.go:238.2,242.57 2 13
github.com/axis-cli/axis/internal/kernel/scheduler/scheduler.go:242.57,244.3 1 0
github.com/axis-cli/axis/internal/kernel/scheduler/scheduler.go:246.2,246.12 1 13
